2023-12-06 03:34:03,149 [INFO] Activator:176 - 


2023-12-06 03:34:03,158 [INFO] Activator:177 - !SESSION log4j initialized
2023-12-06 03:34:11,662 [INFO] LogOutputStream:77 - [STDOUT_REDIRECT] 
2023-12-06 03:34:18,370 [INFO] ApplicationProperties:184 - Using Application install path: C:\ST\STM32CubeIDE_1.13.2\STM32CubeIDE\plugins\com.st.stm32cube.common.mx_6.9.2.202309101412
2023-12-06 03:34:18,398 [INFO] DbMcusXml:78 - Set database path to: C:\ST\STM32CubeIDE_1.13.2\STM32CubeIDE\plugins\com.st.stm32cube.common.mx_6.9.2.202309101412\\db\/mcu/
2023-12-06 03:34:18,399 [INFO] ApiDb:274 - Set plugin database path to: C:\ST\STM32CubeIDE_1.13.2\STM32CubeIDE\plugins\com.st.stm32cube.common.mx_6.9.2.202309101412\\db\/plugins/boardmanager/
2023-12-06 03:34:18,399 [WARN] ApiDb:259 - Overriding images path with different value:  => C:\ST\STM32CubeIDE_1.13.2\STM32CubeIDE\plugins\com.st.stm32cube.common.mx_6.9.2.202309101412\\db\/plugins/mcufinder/images/
2023-12-06 03:34:18,417 [INFO] ApiDb:250 - Set database path to: C:\Users\Nelson Lima\.stmcufinder\plugins\mcufinder//mcu/
2023-12-06 03:34:18,419 [INFO] DbMcusAds:125 - Set database path to: C:\Users\Nelson Lima\.stmcufinder\plugins\mcufinder//mcu/
2023-12-06 03:34:18,421 [INFO] CrossReferenceDbSqlite:203 - Set database path to: C:\Users\Nelson Lima\.stmcufinder\plugins\mcufinder//mcu/cs/
2023-12-06 03:34:18,600 [INFO] RulesReader:64 - Compatibility file has been processed (293 Rules)
2023-12-06 03:34:18,756 [INFO] DbMcusXml:78 - Set database path to: C:\ST\STM32CubeIDE_1.13.2\STM32CubeIDE\plugins\com.st.stm32cube.common.mx_6.9.2.202309101412\\db\/mcu/
2023-12-06 03:34:18,756 [INFO] ApiDb:274 - Set plugin database path to: C:\ST\STM32CubeIDE_1.13.2\STM32CubeIDE\plugins\com.st.stm32cube.common.mx_6.9.2.202309101412\\db\/plugins/boardmanager/
2023-12-06 03:34:18,756 [INFO] ApiDb:261 - Set plugin images path to: C:\ST\STM32CubeIDE_1.13.2\STM32CubeIDE\plugins\com.st.stm32cube.common.mx_6.9.2.202309101412\\db\/plugins/mcufinder/images/
2023-12-06 03:34:18,757 [WARN] DbFile:41 - Overriding database path with different value: C:\Users\Nelson Lima\.stmcufinder\plugins\mcufinder/ => C:\Users\Nelson Lima\.stmcufinder\plugins\mcufinder
2023-12-06 03:34:18,757 [INFO] ApiDb:250 - Set database path to: C:\Users\Nelson Lima\.stmcufinder\plugins\mcufinder//mcu/
2023-12-06 03:34:18,757 [WARN] DbFile:41 - Overriding database path with different value: C:\Users\Nelson Lima\.stmcufinder\plugins\mcufinder/ => C:\Users\Nelson Lima\.stmcufinder\plugins\mcufinder
2023-12-06 03:34:18,757 [INFO] DbMcusAds:125 - Set database path to: C:\Users\Nelson Lima\.stmcufinder\plugins\mcufinder//mcu/
2023-12-06 03:34:18,757 [WARN] DbFile:41 - Overriding database path with different value: C:\Users\Nelson Lima\.stmcufinder\plugins\mcufinder/ => C:\Users\Nelson Lima\.stmcufinder\plugins\mcufinder
2023-12-06 03:34:18,757 [WARN] DbFile:41 - Overriding database path with different value: C:\Users\Nelson Lima\.stmcufinder\plugins\mcufinder/ => C:\Users\Nelson Lima\.stmcufinder\plugins\mcufinder
2023-12-06 03:34:18,758 [INFO] CrossReferenceDbSqlite:203 - Set database path to: C:\Users\Nelson Lima\.stmcufinder\plugins\mcufinder//mcu/cs/
2023-12-06 03:34:18,893 [INFO] MainPanel:262 - HeapMemory: 268435456
2023-12-06 03:34:19,030 [INFO] DbMcusXml:78 - Set database path to: C:\ST\STM32CubeIDE_1.13.2\STM32CubeIDE\plugins\com.st.stm32cube.common.mx_6.9.2.202309101412\\db\/mcu/
2023-12-06 03:34:19,030 [INFO] ApiDb:274 - Set plugin database path to: C:\ST\STM32CubeIDE_1.13.2\STM32CubeIDE\plugins\com.st.stm32cube.common.mx_6.9.2.202309101412\\db\/plugins/boardmanager/
2023-12-06 03:34:19,030 [INFO] ApiDb:261 - Set plugin images path to: C:\ST\STM32CubeIDE_1.13.2\STM32CubeIDE\plugins\com.st.stm32cube.common.mx_6.9.2.202309101412\\db\/plugins/mcufinder/images/
2023-12-06 03:34:19,031 [WARN] DbFile:41 - Overriding database path with different value: C:\Users\Nelson Lima\.stmcufinder\plugins\mcufinder/ => C:\Users\Nelson Lima\.stmcufinder\plugins\mcufinder
2023-12-06 03:34:19,031 [INFO] ApiDb:250 - Set database path to: C:\Users\Nelson Lima\.stmcufinder\plugins\mcufinder//mcu/
2023-12-06 03:34:19,031 [WARN] DbFile:41 - Overriding database path with different value: C:\Users\Nelson Lima\.stmcufinder\plugins\mcufinder/ => C:\Users\Nelson Lima\.stmcufinder\plugins\mcufinder
2023-12-06 03:34:19,031 [INFO] DbMcusAds:125 - Set database path to: C:\Users\Nelson Lima\.stmcufinder\plugins\mcufinder//mcu/
2023-12-06 03:34:19,031 [WARN] DbFile:41 - Overriding database path with different value: C:\Users\Nelson Lima\.stmcufinder\plugins\mcufinder/ => C:\Users\Nelson Lima\.stmcufinder\plugins\mcufinder
2023-12-06 03:34:19,031 [WARN] DbFile:41 - Overriding database path with different value: C:\Users\Nelson Lima\.stmcufinder\plugins\mcufinder/ => C:\Users\Nelson Lima\.stmcufinder\plugins\mcufinder
2023-12-06 03:34:19,032 [INFO] CrossReferenceDbSqlite:203 - Set database path to: C:\Users\Nelson Lima\.stmcufinder\plugins\mcufinder//mcu/cs/
2023-12-06 03:34:19,061 [INFO] ApplicationProperties:184 - Using Application install path: C:\ST\STM32CubeIDE_1.13.2\STM32CubeIDE\plugins\com.st.stm32cube.common.mx_6.9.2.202309101412
2023-12-06 03:34:19,063 [INFO] PluginManage:196 - Search for loadable plugins [exclusion list=, ]
2023-12-06 03:34:19,065 [INFO] PluginManage:310 - Check plugin analytics
2023-12-06 03:34:24,075 [INFO] AnalyticsPlugin:253 - Accepted Software Licenses: 
2023-12-06 03:34:24,075 [INFO] AnalyticsPlugin:255 - Accepted CMSIS Pack Licenses: 
2023-12-06 03:34:24,075 [INFO] AnalyticsPlugin:257 - Accepted Firmware Licenses: 
2023-12-06 03:34:24,078 [INFO] PluginManage:359 - Loaded plugin analytics (category:tool,tabindex:-1)
2023-12-06 03:34:24,078 [INFO] PluginManage:310 - Check plugin cadmodel
2023-12-06 03:34:24,116 [INFO] CADModel:105 - Init CAD model plugin
2023-12-06 03:34:24,117 [INFO] PluginManage:359 - Loaded plugin cadmodel (category:power,tabindex:5)
2023-12-06 03:34:24,117 [INFO] PluginManage:310 - Check plugin clock
2023-12-06 03:34:24,158 [INFO] PluginManage:359 - Loaded plugin clock (category:base,tabindex:2)
2023-12-06 03:34:24,158 [INFO] PluginManage:310 - Check plugin ddr
2023-12-06 03:34:24,163 [INFO] PluginManage:359 - Loaded plugin ddr (category:tool,tabindex:6)
2023-12-06 03:34:24,163 [INFO] PluginManage:310 - Check plugin filemanager
2023-12-06 03:34:24,401 [INFO] PluginManage:359 - Loaded plugin filemanager (category:base,tabindex:10)
2023-12-06 03:34:24,401 [INFO] PluginManage:310 - Check plugin ipmanager
2023-12-06 03:34:24,412 [INFO] PluginManage:359 - Loaded plugin ipmanager (category:base,tabindex:5)
2023-12-06 03:34:24,413 [INFO] PluginManage:310 - Check plugin lpbam
2023-12-06 03:34:24,437 [INFO] PluginManage:359 - Loaded plugin lpbam (category:base,tabindex:0)
2023-12-06 03:34:24,438 [INFO] PluginManage:310 - Check plugin memorymap
2023-12-06 03:34:24,473 [INFO] PluginManage:359 - Loaded plugin memorymap (category:base,tabindex:4)
2023-12-06 03:34:24,474 [INFO] PluginManage:310 - Check plugin pinoutandconfiguration
2023-12-06 03:34:24,498 [INFO] PluginManage:359 - Loaded plugin pinoutandconfiguration (category:base,tabindex:1)
2023-12-06 03:34:24,499 [INFO] PluginManage:310 - Check plugin pinoutconfig
2023-12-06 03:34:24,658 [WARN] SupportedApi:132 - Cannot load RTOS API schema: s4s-elt-must-match.1: The content of 'definitions' must match (annotation?, (simpleType | complexType)?, (unique | key | keyref)*)). A problem was found starting at: attribute.
2023-12-06 03:34:24,878 [INFO] PluginManage:359 - Loaded plugin pinoutconfig (category:base,tabindex:0)
2023-12-06 03:34:24,878 [INFO] PluginManage:310 - Check plugin power
2023-12-06 03:34:24,923 [INFO] PluginManage:359 - Loaded plugin power (category:power,tabindex:4)
2023-12-06 03:34:24,923 [INFO] PluginManage:310 - Check plugin projectmanager
2023-12-06 03:34:24,946 [INFO] PluginManage:359 - Loaded plugin projectmanager (category:projectmanager,tabindex:3)
2023-12-06 03:34:24,947 [INFO] PluginManage:310 - Check plugin thirdparty
2023-12-06 03:34:25,389 [INFO] PluginManage:359 - Loaded plugin thirdparty (category:base,tabindex:-1)
2023-12-06 03:34:25,389 [WARN] IntegrityCheckThread:84 - waiting for thirdparty lock release [integrity check]
2023-12-06 03:34:25,389 [INFO] PluginManage:310 - Check plugin tools
2023-12-06 03:34:25,390 [INFO] IntegrityCheckThread:86 - entering critical section [integrity check]
2023-12-06 03:34:25,390 [INFO] ThirdPartyUpdaterWithRetryManager:70 - Updater plugin not ready yet. [1/15]
2023-12-06 03:34:25,427 [INFO] PluginManage:359 - Loaded plugin tools (category:base,tabindex:7)
2023-12-06 03:34:25,428 [INFO] PluginManage:310 - Check plugin tutovideos
2023-12-06 03:34:25,703 [INFO] PluginManage:359 - Loaded plugin tutovideos (category:base,tabindex:-1)
2023-12-06 03:34:25,703 [INFO] PluginManage:310 - Check plugin updater
2023-12-06 03:34:25,727 [INFO] PluginManage:359 - Loaded plugin updater (category:base,tabindex:12)
2023-12-06 03:34:25,727 [INFO] PluginManage:310 - Check plugin userauth
2023-12-06 03:34:25,734 [INFO] UserAuth:113 - Init User Auth plugin
2023-12-06 03:34:25,734 [INFO] PluginManage:359 - Loaded plugin userauth (category:base,tabindex:14)
2023-12-06 03:34:25,735 [INFO] PluginManage:283 - PluginManage : Loaded plugins [17]
2023-12-06 03:34:26,160 [INFO] PinOutPanel:1499 - setPackage(No Configuration,No Configuration)
2023-12-06 03:34:26,305 [INFO] CADModel:165 - CPN selected for project level
2023-12-06 03:34:26,306 [INFO] CADModel:114 - Register for checkConnection events
2023-12-06 03:34:26,346 [INFO] IPUIPlugin:80 - create IPUIPlugin
2023-12-06 03:34:26,347 [INFO] PluginManager:220 - loadIPPluginJar : add adc
2023-12-06 03:34:26,392 [INFO] IPUIPlugin:80 - create IPUIPlugin
2023-12-06 03:34:26,392 [INFO] PluginManager:220 - loadIPPluginJar : add aes
2023-12-06 03:34:26,437 [INFO] IPUIPlugin:80 - create IPUIPlugin
2023-12-06 03:34:26,437 [INFO] PluginManager:220 - loadIPPluginJar : add can
2023-12-06 03:34:26,462 [INFO] IPUIPlugin:80 - create IPUIPlugin
2023-12-06 03:34:26,463 [INFO] PluginManager:220 - loadIPPluginJar : add comp
2023-12-06 03:34:26,510 [INFO] IPUIPlugin:80 - create IPUIPlugin
2023-12-06 03:34:26,510 [INFO] PluginManager:220 - loadIPPluginJar : add cryp
2023-12-06 03:34:26,544 [INFO] IPUIPlugin:80 - create IPUIPlugin
2023-12-06 03:34:26,545 [INFO] PluginManager:220 - loadIPPluginJar : add dfsdm
2023-12-06 03:34:26,593 [INFO] IPUIPlugin:80 - create IPUIPlugin
2023-12-06 03:34:26,593 [INFO] PluginManager:220 - loadIPPluginJar : add dma
2023-12-06 03:34:26,637 [INFO] IPUIPlugin:80 - create IPUIPlugin
2023-12-06 03:34:26,637 [INFO] PluginManager:220 - loadIPPluginJar : add dma3
2023-12-06 03:34:26,674 [INFO] IPUIPlugin:80 - create IPUIPlugin
2023-12-06 03:34:26,674 [INFO] PluginManager:220 - loadIPPluginJar : add fatfs
2023-12-06 03:34:26,722 [INFO] IPUIPlugin:80 - create IPUIPlugin
2023-12-06 03:34:26,723 [INFO] PluginManager:220 - loadIPPluginJar : add fmc
2023-12-06 03:34:26,773 [INFO] IPUIPlugin:80 - create IPUIPlugin
2023-12-06 03:34:26,773 [INFO] PluginManager:220 - loadIPPluginJar : add freertos
2023-12-06 03:34:26,796 [INFO] IPUIPlugin:80 - create IPUIPlugin
2023-12-06 03:34:26,796 [INFO] PluginManager:220 - loadIPPluginJar : add genericplugin
2023-12-06 03:34:26,904 [INFO] IPUIPlugin:80 - create IPUIPlugin
2023-12-06 03:34:26,905 [INFO] PluginManager:220 - loadIPPluginJar : add gfxmmu
2023-12-06 03:34:27,065 [INFO] IPUIPlugin:80 - create IPUIPlugin
2023-12-06 03:34:27,066 [INFO] PluginManager:220 - loadIPPluginJar : add gic
2023-12-06 03:34:27,089 [INFO] IPUIPlugin:80 - create IPUIPlugin
2023-12-06 03:34:27,089 [INFO] PluginManager:220 - loadIPPluginJar : add gpio
2023-12-06 03:34:27,190 [INFO] IPUIPlugin:80 - create IPUIPlugin
2023-12-06 03:34:27,190 [INFO] PluginManager:220 - loadIPPluginJar : add gtzc
2023-12-06 03:34:27,226 [INFO] IPUIPlugin:80 - create IPUIPlugin
2023-12-06 03:34:27,227 [INFO] PluginManager:220 - loadIPPluginJar : add hash
2023-12-06 03:34:27,278 [INFO] IPUIPlugin:80 - create IPUIPlugin
2023-12-06 03:34:27,278 [INFO] PluginManager:220 - loadIPPluginJar : add i2c
2023-12-06 03:34:27,319 [INFO] IPUIPlugin:80 - create IPUIPlugin
2023-12-06 03:34:27,319 [INFO] PluginManager:220 - loadIPPluginJar : add i2s
2023-12-06 03:34:27,365 [INFO] IPUIPlugin:80 - create IPUIPlugin
2023-12-06 03:34:27,365 [INFO] PluginManager:220 - loadIPPluginJar : add i3c
2023-12-06 03:34:27,484 [INFO] IPUIPlugin:80 - create IPUIPlugin
2023-12-06 03:34:27,484 [INFO] PluginManager:220 - loadIPPluginJar : add ipddr
2023-12-06 03:34:27,595 [INFO] IPUIPlugin:80 - create IPUIPlugin
2023-12-06 03:34:27,595 [INFO] PluginManager:220 - loadIPPluginJar : add linkedlist
2023-12-06 03:34:27,634 [INFO] IPUIPlugin:80 - create IPUIPlugin
2023-12-06 03:34:27,634 [INFO] PluginManager:220 - loadIPPluginJar : add lorawan
2023-12-06 03:34:27,673 [INFO] IPUIPlugin:80 - create IPUIPlugin
2023-12-06 03:34:27,673 [INFO] PluginManager:220 - loadIPPluginJar : add ltdc
2023-12-06 03:34:27,694 [INFO] IPUIPlugin:80 - create IPUIPlugin
2023-12-06 03:34:27,695 [INFO] PluginManager:220 - loadIPPluginJar : add mdma
2023-12-06 03:34:27,713 [INFO] IPUIPlugin:80 - create IPUIPlugin
2023-12-06 03:34:27,713 [INFO] PluginManager:220 - loadIPPluginJar : add nvic
2023-12-06 03:34:27,759 [INFO] IPUIPlugin:80 - create IPUIPlugin
2023-12-06 03:34:27,759 [INFO] PluginManager:220 - loadIPPluginJar : add opamp
2023-12-06 03:34:27,826 [INFO] IPUIPlugin:80 - create IPUIPlugin
2023-12-06 03:34:27,826 [INFO] PluginManager:220 - loadIPPluginJar : add openamp
2023-12-06 03:34:27,873 [INFO] IPUIPlugin:80 - create IPUIPlugin
2023-12-06 03:34:27,874 [INFO] PluginManager:220 - loadIPPluginJar : add pdm2pcm
2023-12-06 03:34:27,892 [INFO] IPUIPlugin:80 - create IPUIPlugin
2023-12-06 03:34:27,894 [INFO] PluginManager:220 - loadIPPluginJar : add plateformsettings
2023-12-06 03:34:27,917 [INFO] IPUIPlugin:80 - create IPUIPlugin
2023-12-06 03:34:27,917 [INFO] PluginManager:220 - loadIPPluginJar : add quadspi
2023-12-06 03:34:27,933 [INFO] IPUIPlugin:80 - create IPUIPlugin
2023-12-06 03:34:27,933 [INFO] PluginManager:220 - loadIPPluginJar : add resmgrutility
2023-12-06 03:34:27,995 [INFO] IPUIPlugin:80 - create IPUIPlugin
2023-12-06 03:34:27,995 [INFO] PluginManager:220 - loadIPPluginJar : add sai
2023-12-06 03:34:28,033 [INFO] IPUIPlugin:80 - create IPUIPlugin
2023-12-06 03:34:28,033 [INFO] PluginManager:220 - loadIPPluginJar : add spi
2023-12-06 03:34:28,088 [INFO] IPUIPlugin:80 - create IPUIPlugin
2023-12-06 03:34:28,088 [INFO] PluginManager:220 - loadIPPluginJar : add stm32_wpan
2023-12-06 03:34:28,111 [INFO] IPUIPlugin:80 - create IPUIPlugin
2023-12-06 03:34:28,111 [INFO] PluginManager:220 - loadIPPluginJar : add tim
2023-12-06 03:34:28,174 [INFO] IPUIPlugin:80 - create IPUIPlugin
2023-12-06 03:34:28,174 [INFO] PluginManager:220 - loadIPPluginJar : add touchsensing
2023-12-06 03:34:28,199 [INFO] IPUIPlugin:80 - create IPUIPlugin
2023-12-06 03:34:28,199 [INFO] PluginManager:220 - loadIPPluginJar : add tracer_emb
2023-12-06 03:34:28,222 [INFO] IPUIPlugin:80 - create IPUIPlugin
2023-12-06 03:34:28,222 [INFO] PluginManager:220 - loadIPPluginJar : add ts
2023-12-06 03:34:28,243 [INFO] IPUIPlugin:80 - create IPUIPlugin
2023-12-06 03:34:28,243 [INFO] PluginManager:220 - loadIPPluginJar : add tsc
2023-12-06 03:34:28,269 [INFO] IPUIPlugin:80 - create IPUIPlugin
2023-12-06 03:34:28,270 [INFO] PluginManager:220 - loadIPPluginJar : add ucpd
2023-12-06 03:34:28,317 [INFO] IPUIPlugin:80 - create IPUIPlugin
2023-12-06 03:34:28,317 [INFO] PluginManager:220 - loadIPPluginJar : add usart
2023-12-06 03:34:28,362 [INFO] IPUIPlugin:80 - create IPUIPlugin
2023-12-06 03:34:28,362 [INFO] PluginManager:220 - loadIPPluginJar : add usbx
2023-12-06 03:34:28,390 [INFO] ThirdPartyUpdaterWithRetryManager:70 - Updater plugin not ready yet. [2/15]
2023-12-06 03:34:28,505 [INFO] CADModel:165 - CPN selected for project level
2023-12-06 03:34:28,505 [INFO] CADModel:114 - Register for checkConnection events
2023-12-06 03:34:28,506 [FATAL] Updater:308 - Updater called before beeing initialized
2023-12-06 03:34:28,506 [ERROR] CADModel:125 - Updater not yet initialized, retry later 
2023-12-06 03:34:28,758 [INFO] CADModel:165 - CPN selected for project level
2023-12-06 03:34:28,758 [INFO] CADModel:114 - Register for checkConnection events
2023-12-06 03:34:28,758 [FATAL] Updater:308 - Updater called before beeing initialized
2023-12-06 03:34:28,759 [ERROR] CADModel:125 - Updater not yet initialized, retry later 
2023-12-06 03:34:28,767 [FATAL] Updater:308 - Updater called before beeing initialized
2023-12-06 03:34:28,908 [FATAL] Updater:308 - Updater called before beeing initialized
2023-12-06 03:34:28,922 [INFO] DbMcusAds:53 - JSON generation date=Tue Mar 07 05:50:55 BRT 2023 (1678179055335)
2023-12-06 03:34:28,922 [FATAL] Updater:308 - Updater called before beeing initialized
2023-12-06 03:34:29,054 [WARN] DetailPanel:346 - Failed to get advertising image, set to default
2023-12-06 03:34:29,169 [FATAL] Updater:308 - Updater called before beeing initialized
2023-12-06 03:34:29,171 [FATAL] Updater:308 - Updater called before beeing initialized
2023-12-06 03:34:29,171 [FATAL] Updater:308 - Updater called before beeing initialized
2023-12-06 03:34:29,171 [WARN] DetailPanel:346 - Failed to get advertising image, set to default
2023-12-06 03:34:29,172 [FATAL] Updater:308 - Updater called before beeing initialized
2023-12-06 03:34:29,266 [ERROR] Updater:1120 - MainUpdater not yet initialized. External WinMGr cannot be set.
2023-12-06 03:34:29,277 [INFO] Updater:1056 - Updater Version found : 6.9.2
2023-12-06 03:34:29,305 [INFO] ApplicationProperties:184 - Using Application install path: C:\ST\STM32CubeIDE_1.13.2\STM32CubeIDE\plugins\com.st.stm32cube.common.mx_6.9.2.202309101412
2023-12-06 03:34:31,186 [INFO] MainUpdater:2868 - connection check result : 10
2023-12-06 03:34:31,186 [INFO] MainUpdater:3562 - Updater definition file requires update
2023-12-06 03:34:31,187 [INFO] MainUpdater:285 - Updater Check For Update Now.
2023-12-06 03:34:31,187 [INFO] MicroXplorer:498 - Change Database Version : DB.6.0.92
2023-12-06 03:34:31,207 [INFO] ServerAccessManage:473 - Download File updaters.zip
2023-12-06 03:34:31,207 [INFO] McuFinderGlobals:63 - Set McuFinder mode to 2 (CubeIDE integrated)
2023-12-06 03:34:31,207 [INFO] UserAuth:179 - activating auth plugin
2023-12-06 03:34:31,211 [INFO] UserAuth:393 - Internet connection configuration mode: 1
2023-12-06 03:34:31,313 [INFO] FileExtend:240 - Unzip File : updaters.zip
2023-12-06 03:34:31,313 [INFO] FileExtend:255 - Standard Zip Deflate
2023-12-06 03:34:31,315 [INFO] JxBrowserEngine:151 - Initiate JxBrowser Engine with user profile folder
2023-12-06 03:34:31,393 [WARN] MainUpdater:1189 - Updater busy. Cannot search thirdparties
2023-12-06 03:34:31,393 [INFO] ThirdPartyUpdaterWithRetryManager:96 - Updater plugin is busy. [1/15]
2023-12-06 03:34:31,893 [INFO] ServerAccessManage:473 - Download File PacksControlFlags.xml
2023-12-06 03:34:32,034 [INFO] ServerAccessManage:473 - Download File cubemx.pidx
2023-12-06 03:34:32,823 [INFO] ServerAccessManage:473 - Download File STMicroelectronics.FP-SNS-MOTENVWB1.pdsc
2023-12-06 03:34:33,463 [INFO] ServerAccessManage:473 - Download File STMicroelectronics.X-CUBE-ISPU.pdsc
2023-12-06 03:34:34,394 [WARN] MainUpdater:1189 - Updater busy. Cannot search thirdparties
2023-12-06 03:34:34,394 [INFO] ThirdPartyUpdaterWithRetryManager:96 - Updater plugin is busy. [2/15]
2023-12-06 03:34:35,094 [INFO] ServerAccessManage:473 - Download File STMicroelectronics.X-CUBE-TOF1.pdsc
2023-12-06 03:34:37,395 [WARN] MainUpdater:1189 - Updater busy. Cannot search thirdparties
2023-12-06 03:34:37,395 [INFO] ThirdPartyUpdaterWithRetryManager:96 - Updater plugin is busy. [3/15]
2023-12-06 03:34:37,732 [INFO] WebApp:157 - Instantiating new browser for Auth
2023-12-06 03:34:38,620 [INFO] WebApp:753 - Register for checkConnection events
2023-12-06 03:34:38,620 [INFO] WebApp:390 - Apply proxy settings
2023-12-06 03:34:38,620 [INFO] WebApp:475 - Chromium requires no authentication
2023-12-06 03:34:38,633 [INFO] WebApp:418 - Direct internet connection detected
2023-12-06 03:34:38,913 [INFO] WebApp:188 - Starting web application
2023-12-06 03:34:38,913 [INFO] WebApp:520 - Web application path used C:\ST\STM32CubeIDE_1.13.2\STM32CubeIDE\plugins\com.st.stm32cube.common.mx_6.9.2.202309101412\db\plugins\mcufinder\reactClient1\index.html
2023-12-06 03:34:40,396 [WARN] MainUpdater:1189 - Updater busy. Cannot search thirdparties
2023-12-06 03:34:40,396 [INFO] ThirdPartyUpdaterWithRetryManager:96 - Updater plugin is busy. [4/15]
2023-12-06 03:34:43,397 [WARN] MainUpdater:1189 - Updater busy. Cannot search thirdparties
2023-12-06 03:34:43,397 [INFO] ThirdPartyUpdaterWithRetryManager:96 - Updater plugin is busy. [5/15]
2023-12-06 03:34:45,134 [ERROR] ServerAccessManage:1089 - Problem, file not found on Server
2023-12-06 03:34:46,399 [WARN] MainUpdater:1189 - Updater busy. Cannot search thirdparties
2023-12-06 03:34:46,399 [INFO] ThirdPartyUpdaterWithRetryManager:96 - Updater plugin is busy. [6/15]
2023-12-06 03:34:47,886 [INFO] ServerAccessManage:473 - Download File STMicroelectronics.X-CUBE-AZRTOS-H7.pdsc
2023-12-06 03:34:49,400 [WARN] MainUpdater:1189 - Updater busy. Cannot search thirdparties
2023-12-06 03:34:49,400 [INFO] ThirdPartyUpdaterWithRetryManager:96 - Updater plugin is busy. [7/15]
2023-12-06 03:34:52,403 [WARN] MainUpdater:1189 - Updater busy. Cannot search thirdparties
2023-12-06 03:34:52,403 [INFO] ThirdPartyUpdaterWithRetryManager:96 - Updater plugin is busy. [8/15]
2023-12-06 03:34:55,405 [WARN] MainUpdater:1189 - Updater busy. Cannot search thirdparties
2023-12-06 03:34:55,405 [INFO] ThirdPartyUpdaterWithRetryManager:96 - Updater plugin is busy. [9/15]
2023-12-06 03:34:56,342 [WARN] PackLoader:240 - Cannot read IP mode file for STMicroelectronics.FP-SNS-MOTENVWB1.1.3.1
2023-12-06 03:34:56,358 [WARN] PackLoader:240 - Cannot read IP mode file for STMicroelectronics.X-CUBE-ISPU.2.0.0
2023-12-06 03:34:56,389 [WARN] PackLoader:240 - Cannot read IP mode file for STMicroelectronics.X-CUBE-TOF1.3.4.0
2023-12-06 03:34:56,456 [WARN] PackLoader:240 - Cannot read IP mode file for STMicroelectronics.X-CUBE-AZRTOS-H7.3.2.0
2023-12-06 03:34:56,460 [INFO] CheckServerUpdateThread:120 - End of CheckServer Thread
2023-12-06 03:34:56,464 [INFO] PopulateThirdPartyThread:66 - Ending populate Thread
2023-12-06 03:34:56,470 [INFO] ThirdParty:1030 - CMSIS Pack Vendor :STMicroelectronics FP-SNS-MOTENVWB1 1.3.1
2023-12-06 03:34:56,470 [INFO] ThirdParty:1030 - CMSIS Pack Vendor :STMicroelectronics X-CUBE-TOF1 3.4.0
2023-12-06 03:34:56,470 [INFO] ThirdParty:1030 - CMSIS Pack Vendor :STMicroelectronics X-CUBE-AZRTOS-H7 3.2.0
2023-12-06 03:34:56,470 [INFO] ThirdParty:1030 - CMSIS Pack Vendor :STMicroelectronics X-CUBE-ISPU 2.0.0
2023-12-06 03:34:56,471 [INFO] LoadServerUpdatesThread:373 - End of LoadServerUpdate Thread
2023-12-06 03:34:58,685 [WARN] PackLoader:240 - Cannot read IP mode file for STMicroelectronics.X-CUBE-SMBUS.2.1.0
2023-12-06 03:34:58,704 [WARN] ConditionMgr:438 - getConditionDescription Invalid condition id : SIGFOX STM32 LIB Condition cause : null
2023-12-06 03:34:58,705 [WARN] ConditionMgr:438 - getConditionDescription Invalid condition id : Sigfox Third Party LIB Condition cause : null
2023-12-06 03:34:58,707 [WARN] PackLoader:240 - Cannot read IP mode file for STMicroelectronics.X-CUBE-SFXS2LP1.2.0.0
2023-12-06 03:34:58,707 [WARN] ConditionMgr:1039 - genDependencies : Invalid condition id : SIGFOX STM32 LIB Condition cause : null
2023-12-06 03:34:58,708 [WARN] ConditionMgr:1039 - genDependencies : Invalid condition id : Sigfox Third Party LIB Condition cause : null
2023-12-06 03:34:58,708 [WARN] ConditionMgr:1039 - genDependencies : Invalid condition id : Sigfox Third Party LIB Condition cause : null
2023-12-06 03:34:58,708 [WARN] ConditionMgr:1039 - genDependencies : Invalid condition id : SIGFOX STM32 LIB Condition cause : null
2023-12-06 03:34:58,708 [WARN] ConditionMgr:1039 - genDependencies : Invalid condition id : SIGFOX STM32 LIB Condition cause : null
2023-12-06 03:34:58,708 [WARN] ConditionMgr:1039 - genDependencies : Invalid condition id : Sigfox Third Party LIB Condition cause : null
2023-12-06 03:34:58,740 [WARN] PackLoader:240 - Cannot read IP mode file for STMicroelectronics.X-CUBE-SUBG2.4.1.0
2023-12-06 03:34:58,843 [WARN] PackLoader:240 - Cannot read IP mode file for STMicroelectronics.X-CUBE-MEMS1.9.2.0
2023-12-06 03:34:59,095 [WARN] PackLoader:240 - Cannot read IP mode file for STMicroelectronics.X-CUBE-AZRTOS-H7.1.1.0
2023-12-06 03:34:59,151 [WARN] PackLoader:240 - Cannot read IP mode file for STMicroelectronics.X-CUBE-AZRTOS-F7.1.1.0
2023-12-06 03:34:59,172 [WARN] PackLoader:240 - Cannot read IP mode file for STMicroelectronics.X-CUBE-AI.7.1.0
2023-12-06 03:34:59,190 [WARN] PackLoader:240 - Cannot read IP mode file for STMicroelectronics.X-CUBE-TOUCHGFX.4.19.1
2023-12-06 03:34:59,207 [WARN] PackLoader:240 - Cannot read IP mode file for STMicroelectronics.FP-SNS-MOTENV1.4.3.2
2023-12-06 03:34:59,226 [ERROR] RealEvaluatedCondition:428 - Found unsupported composite condition: CLASS='Data Exchange' GROUP='STM32_MetaDataManager'
2023-12-06 03:34:59,226 [ERROR] RealEvaluatedCondition:428 - Found unsupported composite condition: GROUP='STM32_MetaDataManager' CLASS='Data Exchange'
2023-12-06 03:34:59,227 [WARN] PackLoader:240 - Cannot read IP mode file for STMicroelectronics.FP-SNS-MOTENV1.4.3.1
2023-12-06 03:34:59,244 [WARN] PackLoader:240 - Cannot read IP mode file for STMicroelectronics.FP-SNS-FLIGHT1.5.0.1
2023-12-06 03:34:59,260 [WARN] PackLoader:240 - Cannot read IP mode file for STMicroelectronics.X-CUBE-BLE1.6.2.3
2023-12-06 03:34:59,280 [WARN] PackLoader:240 - Cannot read IP mode file for STMicroelectronics.X-CUBE-EEPRMA1.3.0.0
2023-12-06 03:34:59,304 [WARN] PackLoader:240 - Cannot read IP mode file for STMicroelectronics.X-CUBE-BLE1.6.2.4
2023-12-06 03:34:59,329 [WARN] PackLoader:240 - Cannot read IP mode file for STMicroelectronics.X-CUBE-ALGOBUILD.1.1.0
2023-12-06 03:34:59,351 [WARN] PackLoader:240 - Cannot read IP mode file for STMicroelectronics.X-CUBE-BLE1.6.2.0
2023-12-06 03:34:59,373 [WARN] PackLoader:240 - Cannot read IP mode file for STMicroelectronics.X-CUBE-BLE1.6.2.1
2023-12-06 03:34:59,409 [WARN] PackLoader:240 - Cannot read IP mode file for STMicroelectronics.X-CUBE-BLE1.6.2.2
2023-12-06 03:34:59,430 [WARN] PackLoader:240 - Cannot read IP mode file for STMicroelectronics.X-CUBE-BLE2.3.2.1
2023-12-06 03:34:59,439 [WARN] PackLoader:240 - Cannot read IP mode file for STMicroelectronics.FP-SNS-FLIGHT1.5.0.2
2023-12-06 03:34:59,463 [WARN] PackLoader:240 - Cannot read IP mode file for STMicroelectronics.X-CUBE-BLE2.3.2.2
2023-12-06 03:34:59,486 [WARN] PackLoader:240 - Cannot read IP mode file for STMicroelectronics.X-CUBE-TOUCHGFX.4.19.0
2023-12-06 03:34:59,529 [WARN] PackLoader:240 - Cannot read IP mode file for STMicroelectronics.X-CUBE-TOF1.3.1.0
2023-12-06 03:34:59,554 [WARN] PackLoader:240 - Cannot read IP mode file for STMicroelectronics.X-CUBE-BLE2.3.2.0
2023-12-06 03:34:59,579 [WARN] PackLoader:240 - Cannot read IP mode file for STMicroelectronics.X-CUBE-DISPLAY.3.0.0
2023-12-06 03:34:59,601 [WARN] PackLoader:240 - Cannot read IP mode file for STMicroelectronics.X-CUBE-BLE1.7.0.0
2023-12-06 03:34:59,618 [WARN] PackLoader:240 - Cannot read IP mode file for STMicroelectronics.X-CUBE-TOUCHGFX.4.22.0
2023-12-06 03:34:59,637 [WARN] PackLoader:240 - Cannot read IP mode file for STMicroelectronics.X-CUBE-TOUCHGFX.4.22.1
2023-12-06 03:34:59,680 [WARN] PackLoader:240 - Cannot read IP mode file for STMicroelectronics.X-CUBE-SUBG2.4.2.0
2023-12-06 03:34:59,782 [WARN] PackLoader:240 - Cannot read IP mode file for STMicroelectronics.X-CUBE-AZRTOS-H7.1.0.0
2023-12-06 03:34:59,903 [WARN] PackLoader:240 - Cannot read IP mode file for STMicroelectronics.X-CUBE-MEMS1.9.3.0
2023-12-06 03:35:00,107 [WARN] PackLoader:240 - Cannot read IP mode file for STMicroelectronics.X-CUBE-AI.7.2.0
2023-12-06 03:35:00,126 [WARN] PackLoader:240 - Cannot read IP mode file for STMicroelectronics.FP-SNS-SMARTAG2.1.2.0
2023-12-06 03:35:00,166 [INFO] LogOutputStream:77 - [STDOUT_REDIRECT] 1 : Invalid condition id : UX_CORESTACK_Condition cause : null
2023-12-06 03:35:00,167 [INFO] LogOutputStream:77 - [STDOUT_REDIRECT] 1 : Invalid condition id : UX_CORESTACK_Condition cause : null
2023-12-06 03:35:00,169 [INFO] LogOutputStream:77 - [STDOUT_REDIRECT] 1 : Invalid condition id : UX_CORESTACK_Condition cause : null
2023-12-06 03:35:00,172 [INFO] LogOutputStream:77 - [STDOUT_REDIRECT] 1 : Invalid condition id : UX_CORESTACK_Condition cause : null
2023-12-06 03:35:00,174 [INFO] LogOutputStream:77 - [STDOUT_REDIRECT] 1 : Invalid condition id : UX_CORESTACK_Condition cause : null
2023-12-06 03:35:00,179 [WARN] PackLoader:240 - Cannot read IP mode file for STMicroelectronics.X-CUBE-AZRTOS-WL.2.0.0
2023-12-06 03:35:00,203 [WARN] PackLoader:240 - Cannot read IP mode file for STMicroelectronics.X-CUBE-ALGOBUILD.1.2.1
2023-12-06 03:35:00,220 [WARN] PackLoader:240 - Cannot read IP mode file for STMicroelectronics.X-CUBE-ALGOBUILD.1.2.0
2023-12-06 03:35:00,243 [WARN] PackLoader:240 - Cannot read IP mode file for WES.I-CUBE-Cesium.1.3.0
2023-12-06 03:35:00,259 [WARN] PackLoader:240 - Cannot read IP mode file for STMicroelectronics.X-CUBE-BLE1.6.1.0
2023-12-06 03:35:00,279 [WARN] PackLoader:240 - Cannot read IP mode file for STMicroelectronics.X-CUBE-BLE2.3.3.0
2023-12-06 03:35:00,300 [WARN] PackLoader:240 - Cannot read IP mode file for STMicroelectronics.X-CUBE-DISPLAY.2.2.0
2023-12-06 03:35:00,357 [WARN] PackLoader:240 - Cannot read IP mode file for STMicroelectronics.X-CUBE-TOF1.3.2.0
2023-12-06 03:35:00,380 [WARN] PackLoader:240 - Cannot read IP mode file for STMicroelectronics.X-CUBE-TOUCHGFX.4.18.1
2023-12-06 03:35:00,395 [WARN] PackLoader:240 - Cannot read IP mode file for STMicroelectronics.X-CUBE-TOUCHGFX.4.18.0
2023-12-06 03:35:00,413 [ERROR] LogOutputStream:75 - [STDERR_REDIRECT] SLF4J: Failed to load class "org.slf4j.impl.StaticLoggerBinder".
2023-12-06 03:35:00,414 [ERROR] LogOutputStream:75 - [STDERR_REDIRECT] SLF4J: Defaulting to no-operation (NOP) logger implementation
2023-12-06 03:35:00,416 [ERROR] LogOutputStream:75 - [STDERR_REDIRECT] SLF4J: See http://www.slf4j.org/codes.html#StaticLoggerBinder for further details.
2023-12-06 03:35:00,492 [WARN] PackLoader:240 - Cannot read IP mode file for STMicroelectronics.X-CUBE-AZRTOS-H7.2.1.0
2023-12-06 03:35:00,515 [WARN] PackLoader:240 - Cannot read IP mode file for STMicroelectronics.X-CUBE-TOUCHGFX.4.21.3
2023-12-06 03:35:00,535 [WARN] PackLoader:240 - Cannot read IP mode file for STMicroelectronics.X-CUBE-TOUCHGFX.4.21.4
2023-12-06 03:35:00,650 [WARN] PackLoader:240 - Cannot read IP mode file for STMicroelectronics.X-CUBE-MEMS1.9.4.0
2023-12-06 03:35:00,808 [WARN] PackLoader:240 - Cannot read IP mode file for STMicroelectronics.X-CUBE-AI.7.3.0
2023-12-06 03:35:00,826 [WARN] PackLoader:240 - Cannot read IP mode file for STMicroelectronics.X-CUBE-ALGOBUILD.1.3.0
2023-12-06 03:35:00,873 [WARN] PackLoader:240 - Cannot read IP mode file for STMicroelectronics.X-CUBE-AZRTOS-G0.1.1.0
2023-12-06 03:35:00,898 [WARN] PackLoader:240 - Cannot read IP mode file for STMicroelectronics.X-CUBE-NFC4.3.0.0
2023-12-06 03:35:00,966 [WARN] PackLoader:240 - Cannot read IP mode file for SEGGER.I-CUBE-embOS.1.2.0
2023-12-06 03:35:01,025 [WARN] PackLoader:240 - Cannot read IP mode file for STMicroelectronics.X-CUBE-DISPLAY.2.1.0
2023-12-06 03:35:01,042 [WARN] PackLoader:240 - Cannot read IP mode file for STMicroelectronics.X-CUBE-TOUCHGFX.4.17.0
2023-12-06 03:35:01,065 [WARN] PackLoader:240 - Cannot read IP mode file for STMicroelectronics.X-CUBE-BLEMGR.3.0.0
2023-12-06 03:35:01,084 [WARN] PackLoader:240 - Cannot read IP mode file for STMicroelectronics.X-CUBE-BLEMGR.1.3.0
2023-12-06 03:35:01,146 [WARN] PackLoader:240 - Cannot read IP mode file for STMicroelectronics.X-CUBE-AZRTOS-H7.2.0.0
2023-12-06 03:35:01,157 [WARN] PackLoader:240 - Cannot read IP mode file for STMicroelectronics.FP-ATR-SIGFOX1.3.2.0
2023-12-06 03:35:01,177 [WARN] PackLoader:240 - Cannot read IP mode file for emotas.I-CUBE-CANOPEN.1.1.2
2023-12-06 03:35:01,190 [WARN] PackLoader:240 - Cannot read IP mode file for STMicroelectronics.X-CUBE-TOUCHGFX.4.20.0
2023-12-06 03:35:01,271 [WARN] PackLoader:240 - Cannot read IP mode file for STMicroelectronics.X-CUBE-MEMS1.9.5.0
2023-12-06 03:35:01,519 [WARN] PackLoader:240 - Cannot read IP mode file for SEGGER.I-CUBE-embOS.1.3.1
2023-12-06 03:35:01,570 [WARN] PackLoader:240 - Cannot read IP mode file for STMicroelectronics.X-CUBE-DISPLAY.2.0.0
2023-12-06 03:35:01,588 [WARN] PackLoader:240 - Cannot read IP mode file for STMicroelectronics.X-CUBE-DISPLAY.2.0.1
2023-12-06 03:35:01,602 [WARN] PackLoader:240 - Cannot read IP mode file for STMicroelectronics.X-CUBE-TOUCHGFX.4.16.1
2023-12-06 03:35:01,614 [WARN] PackLoader:240 - Cannot read IP mode file for STMicroelectronics.X-CUBE-TOUCHGFX.4.16.0
2023-12-06 03:35:01,636 [WARN] PackLoader:240 - Cannot read IP mode file for STMicroelectronics.X-CUBE-TOF1.3.0.0
2023-12-06 03:35:01,650 [WARN] PackLoader:240 - Cannot read IP mode file for STMicroelectronics.X-CUBE-BLE2.3.1.0
2023-12-06 03:35:01,667 [WARN] PackLoader:240 - Cannot read IP mode file for STMicroelectronics.X-CUBE-GNSS1.6.0.0
2023-12-06 03:35:01,722 [WARN] PackLoader:240 - Cannot read IP mode file for STMicroelectronics.X-CUBE-AZRTOS-F4.1.1.0
2023-12-06 03:35:01,744 [WARN] PackLoader:240 - Cannot read IP mode file for STMicroelectronics.X-CUBE-BLEMGR.1.2.0
2023-12-06 03:35:01,788 [WARN] PackLoader:240 - Cannot read IP mode file for STMicroelectronics.X-CUBE-AZRTOS-L5.2.0.0
2023-12-06 03:35:01,869 [WARN] PackLoader:240 - Cannot read IP mode file for STMicroelectronics.X-CUBE-MEMS1.9.6.0
2023-12-06 03:35:02,034 [WARN] PackLoader:240 - Cannot read IP mode file for STMicroelectronics.X-CUBE-EEPRMA1.4.2.0
2023-12-06 03:35:02,049 [WARN] PackLoader:240 - Cannot read IP mode file for ITTIA_DB.I-CUBE-ITTIADB.8.8.0
2023-12-06 03:35:02,074 [WARN] PackLoader:240 - Cannot read IP mode file for STMicroelectronics.X-CUBE-BLEMGR.2.0.0
2023-12-06 03:35:02,093 [WARN] PackLoader:240 - Cannot read IP mode file for STMicroelectronics.X-CUBE-NFC4.2.0.5
2023-12-06 03:35:02,114 [WARN] PackLoader:240 - Cannot read IP mode file for STMicroelectronics.X-CUBE-NFC4.2.0.4
2023-12-06 03:35:02,129 [WARN] PackLoader:240 - Cannot read IP mode file for STMicroelectronics.X-CUBE-TOUCHGFX.4.15.0
2023-12-06 03:35:02,148 [WARN] PackLoader:240 - Cannot read IP mode file for STMicroelectronics.X-CUBE-NFC4.2.0.3
2023-12-06 03:35:02,168 [WARN] PackLoader:240 - Cannot read IP mode file for STMicroelectronics.X-CUBE-NFC4.2.0.2
2023-12-06 03:35:02,185 [WARN] PackLoader:240 - Cannot read IP mode file for STMicroelectronics.X-CUBE-NFC4.2.0.1
2023-12-06 03:35:02,239 [WARN] ConditionMgr:438 - getConditionDescription Invalid condition id : UX DEVICE CLASS RTOS Condition cause : null
2023-12-06 03:35:02,240 [WARN] ConditionMgr:438 - getConditionDescription Invalid condition id : UX DEVICE CLASS RTOS Condition cause : null
2023-12-06 03:35:02,242 [WARN] PackLoader:240 - Cannot read IP mode file for STMicroelectronics.X-CUBE-AZRTOS-H7.3.1.0
2023-12-06 03:35:02,243 [WARN] ConditionMgr:1039 - genDependencies : Invalid condition id : UX DEVICE CLASS RTOS Condition cause : null
2023-12-06 03:35:02,243 [WARN] ConditionMgr:1039 - genDependencies : Invalid condition id : UX DEVICE CLASS RTOS Condition cause : null
2023-12-06 03:35:02,244 [WARN] ConditionMgr:1039 - genDependencies : Invalid condition id : UX DEVICE CLASS RTOS Condition cause : null
2023-12-06 03:35:02,244 [WARN] ConditionMgr:1039 - genDependencies : Invalid condition id : UX DEVICE CLASS RTOS Condition cause : null
2023-12-06 03:35:02,244 [WARN] ConditionMgr:1039 - genDependencies : Invalid condition id : UX DEVICE CLASS RTOS Condition cause : null
2023-12-06 03:35:02,261 [WARN] PackLoader:240 - Cannot read IP mode file for STMicroelectronics.X-CUBE-SFXS2LP1.3.1.0
2023-12-06 03:35:02,351 [WARN] PackLoader:240 - Cannot read IP mode file for STMicroelectronics.X-CUBE-AZRTOS-F4.1.0.0
2023-12-06 03:35:02,376 [WARN] PackLoader:240 - Cannot read IP mode file for STMicroelectronics.X-CUBE-SUBG2.3.0.1
2023-12-06 03:35:02,406 [WARN] PackLoader:240 - Cannot read IP mode file for STMicroelectronics.X-CUBE-SUBG2.3.0.0
2023-12-06 03:35:02,428 [WARN] PackLoader:240 - Cannot read IP mode file for STMicroelectronics.X-CUBE-TOF1.2.0.0
2023-12-06 03:35:02,449 [WARN] PackLoader:240 - Cannot read IP mode file for STMicroelectronics.X-CUBE-NFC7.1.0.1
2023-12-06 03:35:02,462 [WARN] PackLoader:240 - Cannot read IP mode file for STMicroelectronics.X-CUBE-NFC7.1.0.0
2023-12-06 03:35:02,486 [WARN] PackLoader:240 - Cannot read IP mode file for STMicroelectronics.X-CUBE-NFC6.3.0.0
2023-12-06 03:35:02,508 [WARN] PackLoader:240 - Cannot read IP mode file for STMicroelectronics.X-CUBE-EEPRMA1.4.1.0
2023-12-06 03:35:02,525 [WARN] PackLoader:240 - Cannot read IP mode file for STMicroelectronics.X-CUBE-DISPLAY.1.0.0
2023-12-06 03:35:02,541 [WARN] PackLoader:240 - Cannot read IP mode file for STMicroelectronics.X-CUBE-AI.8.1.0
2023-12-06 03:35:02,556 [WARN] PackLoader:240 - Cannot read IP mode file for STMicroelectronics.X-CUBE-AI.6.0.0
2023-12-06 03:35:02,635 [WARN] PackLoader:240 - Cannot read IP mode file for STMicroelectronics.X-CUBE-AZRTOS-G0.1.0.0
2023-12-06 03:35:02,716 [WARN] ConditionMgr:438 - getConditionDescription Invalid condition id : LAN8742 Phy interface Condition cause : null
2023-12-06 03:35:02,717 [WARN] PackLoader:240 - Cannot read IP mode file for STMicroelectronics.X-CUBE-AZRTOS-L4.2.0.0
2023-12-06 03:35:02,718 [WARN] ConditionMgr:1039 - genDependencies : Invalid condition id : LAN8742 Phy interface Condition cause : null
2023-12-06 03:35:02,719 [WARN] ConditionMgr:1039 - genDependencies : Invalid condition id : LAN8742 Phy interface Condition cause : null
2023-12-06 03:35:02,719 [WARN] ConditionMgr:1039 - genDependencies : Invalid condition id : LAN8742 Phy interface Condition cause : null
2023-12-06 03:35:02,738 [WARN] PackLoader:240 - Cannot read IP mode file for STMicroelectronics.X-CUBE-SFXS2LP1.4.0.0
2023-12-06 03:35:02,754 [WARN] PackLoader:240 - Cannot read IP mode file for wolfSSL.I-CUBE-wolfSSL.4.7.0
2023-12-06 03:35:02,772 [WARN] PackLoader:240 - Cannot read IP mode file for STMicroelectronics.X-CUBE-AI.5.2.0
2023-12-06 03:35:02,811 [WARN] PackLoader:240 - Cannot read IP mode file for STMicroelectronics.X-CUBE-AZRTOS-H7.3.0.0
2023-12-06 03:35:02,827 [WARN] PackLoader:240 - Cannot read IP mode file for STMicroelectronics.X-CUBE-ISPU.1.1.0
2023-12-06 03:35:02,847 [WARN] PackLoader:240 - Cannot read IP mode file for RoweBots.I-CUBE-UNISONRTOS.5.5.0-4
2023-12-06 03:35:02,868 [WARN] PackLoader:240 - Cannot read IP mode file for STMicroelectronics.X-CUBE-SFXS2LP1.3.0.0
2023-12-06 03:35:02,884 [WARN] PackLoader:240 - Cannot read IP mode file for STMicroelectronics.X-CUBE-AI.8.0.0
2023-12-06 03:35:02,920 [WARN] ConditionMgr:438 - getConditionDescription Invalid condition id : UX DEVICE CLASS RTOS Condition cause : null
2023-12-06 03:35:02,921 [WARN] ConditionMgr:438 - getConditionDescription Invalid condition id : UX DEVICE CLASS RTOS Condition cause : null
2023-12-06 03:35:02,922 [WARN] PackLoader:240 - Cannot read IP mode file for STMicroelectronics.X-CUBE-AZRTOS-WB.2.0.0
2023-12-06 03:35:02,923 [WARN] ConditionMgr:1039 - genDependencies : Invalid condition id : UX DEVICE CLASS RTOS Condition cause : null
2023-12-06 03:35:02,923 [WARN] ConditionMgr:1039 - genDependencies : Invalid condition id : UX DEVICE CLASS RTOS Condition cause : null
2023-12-06 03:35:02,923 [WARN] ConditionMgr:1039 - genDependencies : Invalid condition id : UX DEVICE CLASS RTOS Condition cause : null
2023-12-06 03:35:02,923 [WARN] ConditionMgr:1039 - genDependencies : Invalid condition id : UX DEVICE CLASS RTOS Condition cause : null
2023-12-06 03:35:02,924 [WARN] ConditionMgr:1039 - genDependencies : Invalid condition id : UX DEVICE CLASS RTOS Condition cause : null
2023-12-06 03:35:02,941 [WARN] PackLoader:240 - Cannot read IP mode file for STMicroelectronics.X-CUBE-FREERTOS.1.0.0
2023-12-06 03:35:02,956 [WARN] PackLoader:240 - Cannot read IP mode file for STMicroelectronics.X-CUBE-FREERTOS.1.0.1
2023-12-06 03:35:02,977 [WARN] PackLoader:240 - Cannot read IP mode file for STMicroelectronics.X-CUBE-BLEMGR.1.0.0
2023-12-06 03:35:03,064 [WARN] PackLoader:240 - Cannot read IP mode file for STMicroelectronics.X-CUBE-MEMS1.9.0.0
2023-12-06 03:35:03,250 [WARN] PackLoader:240 - Cannot read IP mode file for STMicroelectronics.X-CUBE-MEMS1.8.2.0
2023-12-06 03:35:03,376 [WARN] PackLoader:240 - Cannot read IP mode file for STMicroelectronics.X-CUBE-AZRTOS-L5.1.1.0
2023-12-06 03:35:03,393 [WARN] PackLoader:240 - Cannot read IP mode file for STMicroelectronics.X-CUBE-AI.8.0.1
2023-12-06 03:35:03,416 [WARN] PackLoader:240 - Cannot read IP mode file for STMicroelectronics.X-CUBE-SUBG2.5.0.0
2023-12-06 03:35:03,439 [WARN] PackLoader:240 - Cannot read IP mode file for STMicroelectronics.X-CUBE-GNSS1.5.1.0
2023-12-06 03:35:03,463 [WARN] PackLoader:240 - Cannot read IP mode file for STMicroelectronics.X-CUBE-TOF1.3.3.1
2023-12-06 03:35:03,509 [WARN] PackLoader:240 - Cannot read IP mode file for STMicroelectronics.X-CUBE-AZRTOS-G4.2.0.0
2023-12-06 03:35:03,535 [WARN] PackLoader:240 - Cannot read IP mode file for STMicroelectronics.X-CUBE-TOF1.3.3.0
2023-12-06 03:35:03,554 [WARN] PackLoader:240 - Cannot read IP mode file for STMicroelectronics.FP-ATR-ASTRA1.1.1.1
2023-12-06 03:35:03,591 [WARN] PackLoader:240 - Cannot read IP mode file for Infineon.AIROC-Wi-Fi-Bluetooth-STM32.1.5.1
2023-12-06 03:35:03,609 [WARN] PackLoader:240 - Cannot read IP mode file for STMicroelectronics.FP-ATR-ASTRA1.1.1.0
2023-12-06 03:35:03,615 [WARN] PackLoader:240 - Cannot read IP mode file for STMicroelectronics.FP-SNS-MOTENVWB1.1.3.0
2023-12-06 03:35:03,618 [WARN] PackLoader:240 - Cannot read IP mode file for STMicroelectronics.FP-SNS-MOTENVWB1.1.3.1
2023-12-06 03:35:03,647 [WARN] PackLoader:240 - Cannot read IP mode file for STMicroelectronics.X-CUBE-AZRTOS-G4.1.0.0
2023-12-06 03:35:03,688 [WARN] PackLoader:240 - Cannot read IP mode file for STMicroelectronics.X-CUBE-AZRTOS-L4.1.0.0
2023-12-06 03:35:03,692 [WARN] PackLoader:240 - Cannot read IP mode file for STMicroelectronics.X-CUBE-ISPU.2.0.0
2023-12-06 03:35:03,773 [WARN] PackLoader:240 - Cannot read IP mode file for STMicroelectronics.X-CUBE-MEMS1.10.0.0
2023-12-06 03:35:03,892 [WARN] PackLoader:240 - Cannot read IP mode file for STMicroelectronics.X-CUBE-FREERTOS.1.1.0
2023-12-06 03:35:03,922 [WARN] PackLoader:240 - Cannot read IP mode file for STMicroelectronics.X-CUBE-AZRTOS-F7.1.0.0
2023-12-06 03:35:03,942 [WARN] PackLoader:240 - Cannot read IP mode file for STMicroelectronics.X-CUBE-SUBG2.4.0.0
2023-12-06 03:35:03,973 [WARN] PackLoader:240 - Cannot read IP mode file for STMicroelectronics.X-CUBE-AZRTOS-WL.1.0.0
2023-12-06 03:35:04,041 [WARN] PackLoader:240 - Cannot read IP mode file for STMicroelectronics.X-CUBE-MEMS1.9.1.0
2023-12-06 03:35:04,144 [WARN] PackLoader:240 - Cannot read IP mode file for STMicroelectronics.X-CUBE-TOF1.1.0.0
2023-12-06 03:35:04,158 [WARN] PackLoader:240 - Cannot read IP mode file for portGmbH.I-Cube-SoM-uGOAL.1.1.0
2023-12-06 03:35:04,170 [WARN] PackLoader:240 - Cannot read IP mode file for STMicroelectronics.X-CUBE-ALS.1.0.1
2023-12-06 03:35:04,181 [WARN] PackLoader:240 - Cannot read IP mode file for STMicroelectronics.X-CUBE-AI.7.0.0
2023-12-06 03:35:04,219 [WARN] PackLoader:240 - Cannot read IP mode file for STMicroelectronics.X-CUBE-AZRTOS-WB.1.1.0
2023-12-06 03:35:04,258 [WARN] PackLoader:240 - Cannot read IP mode file for STMicroelectronics.X-CUBE-MEMS1.8.3.0
2023-12-06 03:35:04,390 [WARN] PackLoader:240 - Cannot read IP mode file for STMicroelectronics.X-CUBE-AZRTOS-L5.1.0.0
2023-12-06 03:35:04,406 [WARN] PackLoader:240 - Cannot read IP mode file for STMicroelectronics.X-CUBE-EEPRMA1.3.1.0
2023-12-06 03:35:04,421 [WARN] PackLoader:240 - Cannot read IP mode file for STMicroelectronics.X-CUBE-EEPRMA1.3.1.1
2023-12-06 03:35:04,437 [WARN] PackLoader:240 - Cannot read IP mode file for STMicroelectronics.X-CUBE-GNSS1.5.2.0
2023-12-06 03:35:04,441 [WARN] PackLoader:240 - Cannot read IP mode file for STMicroelectronics.FP-ATR-ASTRA1.2.0.0
2023-12-06 03:35:04,447 [WARN] PackLoader:240 - Cannot read IP mode file for STMicroelectronics.X-CUBE-TOF1.3.4.0
2023-12-06 03:35:04,468 [WARN] PackLoader:240 - Cannot read IP mode file for STMicroelectronics.X-CUBE-AZRTOS-H7.3.2.0
2023-12-06 03:35:04,471 [INFO] ThirdParty:978 - Integrity check success = true
2023-12-06 03:35:04,471 [INFO] IntegrityCheckThread:100 - exiting critical section [integrity check]
2023-12-06 03:35:04,471 [INFO] IntegrityCheckThread:103 - End integrity checks thread
2023-12-06 03:45:40,753 [INFO] McuFinderGlobals:63 - Set McuFinder mode to 2 (CubeIDE integrated)
2023-12-06 03:45:40,780 [INFO] MainUpdater:2868 - connection check result : 10
2023-12-06 03:45:40,786 [INFO] MainUpdater:2868 - connection check result : 10
2023-12-06 03:45:41,032 [INFO] MicroXplorer:468 - Change Database Path : 
2023-12-06 03:45:41,032 [INFO] MicroXplorer:498 - Change Database Version : DB.6.0.92
2023-12-06 03:45:41,035 [WARN] ThirdParty:871 - waiting for thirdparty lock release [close project]
2023-12-06 03:45:41,035 [INFO] ThirdParty:873 - entering critical section [close project]
2023-12-06 03:45:41,035 [INFO] ThirdParty:883 - exiting critical section [close project]
2023-12-06 03:45:41,038 [INFO] PinOutPanel:1499 - setPackage(No Configuration,No Configuration)
2023-12-06 03:45:41,046 [INFO] UtilMem:75 - Begin LoadConfig() Used Memory: 807096416 Bytes (1011875840)
2023-12-06 03:45:41,047 [INFO] MicroXplorer:468 - Change Database Path : 
2023-12-06 03:45:41,047 [INFO] MicroXplorer:498 - Change Database Version : DB.6.0.92
2023-12-06 03:45:41,048 [INFO] OpenFileManager:308 - Change cursor
2023-12-06 03:45:41,122 [INFO] Mcu:1946 - Initializing MCU STM32F411C(C-E)Ux STM32F411CEUx STM32F411CEU6
2023-12-06 03:45:42,823 [INFO] Context:659 - Trying to add GPIOservice into a context  which must be forbidden
2023-12-06 03:45:43,580 [INFO] RtosManager:555 - Registered RTOS mode: class=CMSIS, group=RTOS, mode=CMSIS_V1, owner=FREERTOS
2023-12-06 03:45:43,580 [INFO] RtosManager:555 - Registered RTOS mode: class=CMSIS, group=RTOS2, mode=CMSIS_V2, owner=FREERTOS
2023-12-06 03:45:43,580 [INFO] RtosManager:555 - Registered RTOS mode: class=RTOS, group=Core, mode=CMSIS_V1, owner=FREERTOS
2023-12-06 03:45:43,580 [INFO] RtosManager:555 - Registered RTOS mode: class=RTOS, group=Core, mode=CMSIS_V2, owner=FREERTOS
2023-12-06 03:45:43,580 [WARN] ModelIntegratedComponent:184 - Missing modes for component STMicroelectronics:FreeRTOS:0.0.1:STMicroelectronics:RTOS:FreeRTOS:Core:::10.2.0:
2023-12-06 03:45:43,592 [WARN] ModelIntegratedComponent:63 - No mode defined for component null
2023-12-06 03:45:43,592 [WARN] ModelIntegratedComponent:63 - No mode defined for component null
2023-12-06 03:45:43,593 [WARN] ModelIntegratedComponent:63 - No mode defined for component null
2023-12-06 03:45:43,593 [WARN] ModelIntegratedComponent:63 - No mode defined for component null
2023-12-06 03:45:43,593 [WARN] ModelIntegratedComponent:63 - No mode defined for component null
2023-12-06 03:45:43,593 [WARN] ModelIntegratedComponent:63 - No mode defined for component null
2023-12-06 03:45:43,593 [WARN] ModelIntegratedComponent:63 - No mode defined for component null
2023-12-06 03:45:43,593 [WARN] ModelIntegratedComponent:63 - No mode defined for component null
2023-12-06 03:45:43,593 [WARN] ModelIntegratedComponent:63 - No mode defined for component null
2023-12-06 03:45:43,593 [WARN] ModelIntegratedComponent:63 - No mode defined for component null
2023-12-06 03:45:43,593 [WARN] ModelIntegratedComponent:63 - No mode defined for component null
2023-12-06 03:45:43,593 [WARN] ModelIntegratedComponent:63 - No mode defined for component null
2023-12-06 03:45:43,593 [WARN] ModelIntegratedComponent:63 - No mode defined for component null
2023-12-06 03:45:43,593 [WARN] ModelIntegratedComponent:63 - No mode defined for component null
2023-12-06 03:45:43,593 [WARN] ModelIntegratedComponent:63 - No mode defined for component null
2023-12-06 03:45:43,593 [WARN] ModelIntegratedComponent:63 - No mode defined for component null
2023-12-06 03:45:43,593 [WARN] ModelIntegratedComponent:63 - No mode defined for component null
2023-12-06 03:45:43,593 [WARN] ModelIntegratedComponent:63 - No mode defined for component null
2023-12-06 03:45:43,593 [WARN] ModelIntegratedComponent:63 - No mode defined for component null
2023-12-06 03:45:43,593 [WARN] ModelIntegratedComponent:63 - No mode defined for component null
2023-12-06 03:45:43,594 [WARN] ModelIntegratedComponent:63 - No mode defined for component null
2023-12-06 03:45:43,594 [WARN] ModelIntegratedComponent:63 - No mode defined for component null
2023-12-06 03:45:43,594 [WARN] ModelIntegratedComponent:63 - No mode defined for component null
2023-12-06 03:45:43,594 [WARN] ModelIntegratedComponent:63 - No mode defined for component null
2023-12-06 03:45:43,594 [WARN] ModelIntegratedComponent:63 - No mode defined for component null
2023-12-06 03:45:43,594 [WARN] ModelIntegratedComponent:63 - No mode defined for component null
2023-12-06 03:45:43,594 [WARN] ModelIntegratedComponent:63 - No mode defined for component null
2023-12-06 03:45:43,594 [WARN] ModelIntegratedComponent:63 - No mode defined for component null
2023-12-06 03:45:43,594 [WARN] ModelIntegratedComponent:63 - No mode defined for component null
2023-12-06 03:45:43,594 [WARN] ModelIntegratedComponent:63 - No mode defined for component null
2023-12-06 03:45:43,594 [WARN] ModelIntegratedComponent:63 - No mode defined for component null
2023-12-06 03:45:43,594 [WARN] ModelIntegratedComponent:63 - No mode defined for component null
2023-12-06 03:45:43,594 [WARN] ModelIntegratedComponent:63 - No mode defined for component null
2023-12-06 03:45:43,666 [WARN] ModelIntegratedComponent:182 - Modes not found for component STMicroelectronics:USB_DEVICE:1.0.0:STMicroelectronics:USB::USB Device:Audio HS::1.0:USB_DEVICE_1_0_RESTRICTED_HS
2023-12-06 03:45:43,666 [WARN] ModelIntegratedComponent:188 - Modes not found for component STMicroelectronics:USB_DEVICE:1.0.0:STMicroelectronics:USB::USB Device:Audio HS::1.0:USB_DEVICE_1_0_RESTRICTED_HS
2023-12-06 03:45:43,667 [WARN] ModelIntegratedComponent:182 - Modes not found for component STMicroelectronics:USB_DEVICE:1.0.0:STMicroelectronics:USB::USB Device:CDC HS::1.0:USB_DEVICE_1_0_RESTRICTED_HS
2023-12-06 03:45:43,667 [WARN] ModelIntegratedComponent:188 - Modes not found for component STMicroelectronics:USB_DEVICE:1.0.0:STMicroelectronics:USB::USB Device:CDC HS::1.0:USB_DEVICE_1_0_RESTRICTED_HS
2023-12-06 03:45:43,667 [WARN] ModelIntegratedComponent:182 - Modes not found for component STMicroelectronics:USB_DEVICE:1.0.0:STMicroelectronics:USB::USB Device:DFU HS::1.0:USB_DEVICE_1_0_RESTRICTED_HS
2023-12-06 03:45:43,667 [WARN] ModelIntegratedComponent:188 - Modes not found for component STMicroelectronics:USB_DEVICE:1.0.0:STMicroelectronics:USB::USB Device:DFU HS::1.0:USB_DEVICE_1_0_RESTRICTED_HS
2023-12-06 03:45:43,667 [WARN] ModelIntegratedComponent:182 - Modes not found for component STMicroelectronics:USB_DEVICE:1.0.0:STMicroelectronics:USB::USB Device:HID HS::1.0:USB_DEVICE_1_0_RESTRICTED_HS
2023-12-06 03:45:43,667 [WARN] ModelIntegratedComponent:188 - Modes not found for component STMicroelectronics:USB_DEVICE:1.0.0:STMicroelectronics:USB::USB Device:HID HS::1.0:USB_DEVICE_1_0_RESTRICTED_HS
2023-12-06 03:45:43,667 [WARN] ModelIntegratedComponent:182 - Modes not found for component STMicroelectronics:USB_DEVICE:1.0.0:STMicroelectronics:USB::USB Device:Custom HID HS::1.0:USB_DEVICE_1_0_RESTRICTED_HS
2023-12-06 03:45:43,667 [WARN] ModelIntegratedComponent:188 - Modes not found for component STMicroelectronics:USB_DEVICE:1.0.0:STMicroelectronics:USB::USB Device:Custom HID HS::1.0:USB_DEVICE_1_0_RESTRICTED_HS
2023-12-06 03:45:43,667 [WARN] ModelIntegratedComponent:182 - Modes not found for component STMicroelectronics:USB_DEVICE:1.0.0:STMicroelectronics:USB::USB Device:MSC HS::1.0:USB_DEVICE_1_0_RESTRICTED_HS
2023-12-06 03:45:43,667 [WARN] ModelIntegratedComponent:188 - Modes not found for component STMicroelectronics:USB_DEVICE:1.0.0:STMicroelectronics:USB::USB Device:MSC HS::1.0:USB_DEVICE_1_0_RESTRICTED_HS
2023-12-06 03:45:43,852 [WARN] ModelIntegratedComponent:182 - Modes not found for component STMicroelectronics:USB_HOST:1.0.0:STMicroelectronics:USB::USB Host:Audio HS::1.0:USB_HOST_1_0_RESTRICTED_HS
2023-12-06 03:45:43,852 [WARN] ModelIntegratedComponent:188 - Modes not found for component STMicroelectronics:USB_HOST:1.0.0:STMicroelectronics:USB::USB Host:Audio HS::1.0:USB_HOST_1_0_RESTRICTED_HS
2023-12-06 03:45:43,852 [WARN] ModelIntegratedComponent:182 - Modes not found for component STMicroelectronics:USB_HOST:1.0.0:STMicroelectronics:USB::USB Host:CDC HS::1.0:USB_HOST_1_0_RESTRICTED_HS
2023-12-06 03:45:43,852 [WARN] ModelIntegratedComponent:188 - Modes not found for component STMicroelectronics:USB_HOST:1.0.0:STMicroelectronics:USB::USB Host:CDC HS::1.0:USB_HOST_1_0_RESTRICTED_HS
2023-12-06 03:45:43,853 [WARN] ModelIntegratedComponent:182 - Modes not found for component STMicroelectronics:USB_HOST:1.0.0:STMicroelectronics:USB::USB Host:MSC HS::1.0:USB_HOST_1_0_RESTRICTED_HS
2023-12-06 03:45:43,853 [WARN] ModelIntegratedComponent:188 - Modes not found for component STMicroelectronics:USB_HOST:1.0.0:STMicroelectronics:USB::USB Host:MSC HS::1.0:USB_HOST_1_0_RESTRICTED_HS
2023-12-06 03:45:43,853 [WARN] ModelIntegratedComponent:182 - Modes not found for component STMicroelectronics:USB_HOST:1.0.0:STMicroelectronics:USB::USB Host:HID HS::1.0:USB_HOST_1_0_RESTRICTED_HS
2023-12-06 03:45:43,853 [WARN] ModelIntegratedComponent:188 - Modes not found for component STMicroelectronics:USB_HOST:1.0.0:STMicroelectronics:USB::USB Host:HID HS::1.0:USB_HOST_1_0_RESTRICTED_HS
2023-12-06 03:45:43,853 [WARN] ModelIntegratedComponent:182 - Modes not found for component STMicroelectronics:USB_HOST:1.0.0:STMicroelectronics:USB::USB Host:MTP HS::1.0:USB_HOST_1_0_RESTRICTED_HS
2023-12-06 03:45:43,853 [WARN] ModelIntegratedComponent:188 - Modes not found for component STMicroelectronics:USB_HOST:1.0.0:STMicroelectronics:USB::USB Host:MTP HS::1.0:USB_HOST_1_0_RESTRICTED_HS
2023-12-06 03:45:44,276 [INFO] ThirdPartyModel:298 - Start build external matchings
2023-12-06 03:45:51,713 [INFO] ThirdPartyModel:316 - End build external matchings
2023-12-06 03:45:51,934 [INFO] ImportTextPane:194 - (OptionalMessage_ERROR) IP (DMA) : Parameter (Instance) has Id (I2C1_TX) currently not set
2023-12-06 03:45:51,934 [INFO] ImportTextPane:194 - (OptionalMessage_ERROR) IP (DMA) : Parameter (Channel) has Id (I2C1_TX) currently not set
2023-12-06 03:45:51,934 [INFO] ImportTextPane:194 - (OptionalMessage_ERROR) IP (DMA) : Parameter (Direction) has Id (I2C1_TX) currently not set
2023-12-06 03:45:51,934 [INFO] ImportTextPane:194 - (OptionalMessage_ERROR) IP (DMA) : Parameter (PeriphInc) has Id (I2C1_TX) currently not set
2023-12-06 03:45:51,935 [INFO] ImportTextPane:194 - (OptionalMessage_ERROR) IP (DMA) : Parameter (MemInc) has Id (I2C1_TX) currently not set
2023-12-06 03:45:51,935 [INFO] ImportTextPane:194 - (OptionalMessage_ERROR) IP (DMA) : Parameter (PeriphDataAlignment) has Id (I2C1_TX) currently not set
2023-12-06 03:45:51,935 [INFO] ImportTextPane:194 - (OptionalMessage_ERROR) IP (DMA) : Parameter (MemDataAlignment) has Id (I2C1_TX) currently not set
2023-12-06 03:45:51,935 [INFO] ImportTextPane:194 - (OptionalMessage_ERROR) IP (DMA) : Parameter (Mode) has Id (I2C1_TX) currently not set
2023-12-06 03:45:51,935 [INFO] ImportTextPane:194 - (OptionalMessage_ERROR) IP (DMA) : Parameter (Priority) has Id (I2C1_TX) currently not set
2023-12-06 03:45:51,935 [INFO] ImportTextPane:194 - (OptionalMessage_ERROR) IP (DMA) : Parameter (FIFOMode) has Id (I2C1_TX) currently not set
2023-12-06 03:45:51,935 [INFO] ImportTextPane:194 - (OptionalMessage_ERROR) IP (DMA) : Parameter (Instance) has Id (I2C1_RX) currently not set
2023-12-06 03:45:51,935 [INFO] ImportTextPane:194 - (OptionalMessage_ERROR) IP (DMA) : Parameter (Channel) has Id (I2C1_RX) currently not set
2023-12-06 03:45:51,935 [INFO] ImportTextPane:194 - (OptionalMessage_ERROR) IP (DMA) : Parameter (Direction) has Id (I2C1_RX) currently not set
2023-12-06 03:45:51,935 [INFO] ImportTextPane:194 - (OptionalMessage_ERROR) IP (DMA) : Parameter (PeriphInc) has Id (I2C1_RX) currently not set
2023-12-06 03:45:51,935 [INFO] ImportTextPane:194 - (OptionalMessage_ERROR) IP (DMA) : Parameter (MemInc) has Id (I2C1_RX) currently not set
2023-12-06 03:45:51,936 [INFO] ImportTextPane:194 - (OptionalMessage_ERROR) IP (DMA) : Parameter (PeriphDataAlignment) has Id (I2C1_RX) currently not set
2023-12-06 03:45:51,936 [INFO] ImportTextPane:194 - (OptionalMessage_ERROR) IP (DMA) : Parameter (MemDataAlignment) has Id (I2C1_RX) currently not set
2023-12-06 03:45:51,936 [INFO] ImportTextPane:194 - (OptionalMessage_ERROR) IP (DMA) : Parameter (Mode) has Id (I2C1_RX) currently not set
2023-12-06 03:45:51,936 [INFO] ImportTextPane:194 - (OptionalMessage_ERROR) IP (DMA) : Parameter (Priority) has Id (I2C1_RX) currently not set
2023-12-06 03:45:51,936 [INFO] ImportTextPane:194 - (OptionalMessage_ERROR) IP (DMA) : Parameter (FIFOMode) has Id (I2C1_RX) currently not set
2023-12-06 03:45:51,937 [WARN] IP:2114 - I2C_Coeff_DF not found: check if there is a RefParameter without a condition.
2023-12-06 03:45:51,937 [WARN] IP:2114 - Analog_Filter not found: check if there is a RefParameter without a condition.
2023-12-06 03:45:51,938 [INFO] ImportTextPane:194 - (OptionalMessage_ERROR) IP (RCC) : Parameter (48MHZClocksFreq_Value) has invalid value (75000000)
2023-12-06 03:45:51,939 [INFO] ImportTextPane:194 - (OptionalMessage_ERROR) IP (RCC) : Parameter (RTCHSEDivFreq_Value) has invalid value (12500000)
2023-12-06 03:45:52,324 [INFO] UtilMem:75 - End LoadConfig() Used Memory: 954313736 Bytes (1073741824)
2023-12-06 03:45:53,130 [INFO] ApiDb:581 - Connected to CubeFinder SQLite database (C:\Users\Nelson Lima\.stmcufinder\plugins\mcufinder\mcu\cube-finder-db.db)
2023-12-06 03:45:53,336 [INFO] ApiDb:668 - CubeFinder database Data Model version=2.1
2023-12-06 03:45:53,336 [INFO] ApiDb:669 - CubeFinder database Configuration version=3.0.37
2023-12-06 03:45:53,338 [INFO] ApiDb:670 - CubeFinder database generation date=2023-08-09 (1691586011)
2023-12-06 03:45:53,338 [INFO] ApiDb:671 - CubeFinder database FW Pack versions=[FP-ATR-ASTRA1_V2.0.0, FP-SNS-FLIGHT1_V5.0.1, FP-SNS-FLIGHT1_V5.0.2, FP-SNS-MOTENV1_V4.3.1, FP-SNS-MOTENV1_V4.3.2, STM32Cube_FW_C0_V1.1.0, STM32Cube_FW_F4_V1.27.1, STM32Cube_FW_F7_V1.17.0, STM32Cube_FW_G0_V1.6.1, STM32Cube_FW_G4_V1.5.1, STM32Cube_FW_H5_V0.5.1, STM32Cube_FW_H5_V1.1.0, STM32Cube_FW_H7_V1.11.0, STM32Cube_FW_L0_V1.12.2, STM32Cube_FW_L5_V1.5.0, STM32Cube_FW_U5_V1.3.0, STM32Cube_FW_U5_V1.3.0RC4, STM32Cube_FW_WBA_V1.0.0RC1, STM32Cube_FW_WBA_V1.1.0, STM32Cube_FW_WBA_V1.1.0RC1, STM32Cube_FW_WB_V1.15.0RC1, STM32Cube_FW_WB_V1.16.0, STM32Cube_FW_WB_V1.16.0RC2, STM32Cube_FW_WB_V1.17.0, STM32Cube_FW_WL_V1.3.0, X-CUBE-ALGOBUILD_V1.3.0, X-CUBE-ALS_V1.0.1, X-CUBE-AZRTOS-F4_V1.1.0, X-CUBE-AZRTOS-F7_V1.1.0, X-CUBE-AZRTOS-G0_V1.1.0, X-CUBE-AZRTOS-G4_V2.0.0, X-CUBE-AZRTOS-H7_V3.1.0, X-CUBE-AZRTOS-L4_V1.0.0, X-CUBE-AZRTOS-L4_V2.0.0, X-CUBE-AZRTOS-L5_V1.1.0, X-CUBE-AZRTOS-WB_V1.1.0, X-CUBE-AZRTOS-WL_V2.0.0, X-CUBE-BLE1_V7.0.0, X-CUBE-BLE2_V3.3.0, X-CUBE-BLEMGR_V2.0.0, X-CUBE-EEPRMA1_V4.1.0, X-CUBE-FREERTOS_V1.1.0, X-CUBE-GNSS1_V6.0.0, X-CUBE-MEMS1_V9.1.0, X-CUBE-MEMS1_V9.4.0, X-CUBE-MEMS1_V9.6.0, X-CUBE-NFC4_V3.0.0, X-CUBE-NFC7_V1.0.0, X-CUBE-SFXS2LP1_V4.0.0, X-CUBE-SUBG2_V5.0.0, X-CUBE-TOF1_V3.3.1]
2023-12-06 03:45:56,551 [INFO] ApiDb:240 - Found 323 in-development CPN: [B-G473E-ZEST1S, B-WB1M-WPAN1, B-WL5M-SUBG1, NUCLEO-C031C6, NUCLEO-H503RB, NUCLEO-H563ZI, NUCLEO-U545RE-Q, NUCLEO-U5A5ZJ-Q, NUCLEO-WBA52CG, STEVAL-PROTEUS1, STEVAL-SMARTAG2, STEVAL-STWINBX1, STM320518-EVAL, STM32C0116-DK, STM32C011D6Y3TR, STM32C011D6Y6TR, STM32C011F4P3, STM32C011F4P6, STM32C011F4U3, STM32C011F4U6TR, STM32C011F6P3, STM32C011F6P6, STM32C011F6U3, STM32C011F6U6TR, STM32C011J4M3, STM32C011J4M6, STM32C011J6M3, STM32C011J6M6, STM32C0316-DK, STM32C031C4T3, STM32C031C4T6, STM32C031C4U3, STM32C031C4U6, STM32C031C6T3, STM32C031C6T6, STM32C031C6U3, STM32C031C6U6, STM32C031F4P3, STM32C031F4P6, STM32C031F6P3, STM32C031F6P6, STM32C031G4U3, STM32C031G4U6, STM32C031G6U3, STM32C031G6U6, STM32C031K4T3, STM32C031K4T6, STM32C031K4U3, STM32C031K4U6, STM32C031K6T3, STM32C031K6T6, STM32C031K6U3, STM32C031K6U6, STM32G071K8TXN, STM32G071K8UXN, STM32G081GBU6N, STM32G081KBT6N, STM32G081KBUXN, STM32G0B1CCT6N, STM32G0B1KCT6, STM32G0B1NEY6TR, STM32G0B1RCT6N, STM32G0C1CCT6, STM32G0C1CCT6N, STM32G0C1CCU6N, STM32G0C1CET6N, STM32G0C1CEU6N, STM32G0C1KCT6, STM32G0C1NEY6TR, STM32G0C1RCI6N, STM32G0C1RCT6N, STM32G0C1REI6N, STM32G0C1RET6N, STM32G0C1VCI6, STM32G0C1VEI6, STM32G471CCT6, STM32G471CCU6, STM32G471CET3, STM32G471CET6, STM32G471CEU3, STM32G471CEU6, STM32G471MCT6, STM32G471MET3, STM32G471MET6, STM32G471MEY6TR, STM32G471QCT6, STM32G471QET3, STM32G471RCT6, STM32G471RET3, STM32G471RET6, STM32G471VCH6, STM32G471VCI6, STM32G471VCT6, STM32G471VEH3, STM32G471VEH6, STM32G471VEI3, STM32G471VEI6, STM32G471VET3, STM32G471VET6, STM32G474CCT6, STM32H503CBT6, STM32H503CBU6, STM32H503EBY6TR, STM32H503KBU6, STM32H503RBT6, STM32H562AGI6, STM32H562AII6, STM32H562IGK6, STM32H562IGT6, STM32H562IIK6, STM32H562IIT6, STM32H562RGT6, STM32H562RGV6, STM32H562RIT6, STM32H562RIV6, STM32H562VGT6, STM32H562VIT6, STM32H562ZGT6, STM32H562ZIT6, STM32H563AGI6, STM32H563AII3Q, STM32H563AII6, STM32H563IGK6, STM32H563IGT6, STM32H563IIK3Q, STM32H563IIK6, STM32H563IIT3Q, STM32H563IIT6, STM32H563MIY3QTR, STM32H563RGT6, STM32H563RGV6, STM32H563RIT6, STM32H563RIV6, STM32H563VGT6, STM32H563VIT3Q, STM32H563VIT6, STM32H563ZGT6, STM32H563ZIT3Q, STM32H563ZIT6, STM32H573AII3Q, STM32H573AII6, STM32H573I-DK, STM32H573IIK3Q, STM32H573IIK6, STM32H573IIT3Q, STM32H573IIT6, STM32H573MIY3QTR, STM32H573RIT6, STM32H573RIV6, STM32H573VIT3Q, STM32H573VIT6, STM32H573ZIT3Q, STM32H573ZIT6, STM32L4R5QGI6STR, STM32MP131AAE3, STM32MP131AAF3, STM32MP131AAG3, STM32MP131CAE3, STM32MP131CAF3, STM32MP131CAG3, STM32MP131DAE7, STM32MP131DAF7, STM32MP131DAG7, STM32MP131FAE7, STM32MP131FAF7, STM32MP131FAG7, STM32MP133AAE3, STM32MP133AAF3, STM32MP133AAG3, STM32MP133CAE3, STM32MP133CAF3, STM32MP133CAG3, STM32MP133DAE7, STM32MP133DAF7, STM32MP133DAG7, STM32MP133FAE7, STM32MP133FAF7, STM32MP133FAG7, STM32MP135AAE3, STM32MP135AAF3, STM32MP135AAG3, STM32MP135CAE3, STM32MP135CAF3, STM32MP135CAG3, STM32MP135DAE7, STM32MP135DAF7, STM32MP135DAG7, STM32MP135F-DK, STM32MP135FAE7, STM32MP135FAF7, STM32MP135FAF7T, STM32MP135FAF7U, STM32MP135FAG7, STM32U535CBT6, STM32U535CBT6Q, STM32U535CBU6, STM32U535CBU6Q, STM32U535CCT6, STM32U535CCT6Q, STM32U535CCU6, STM32U535CCU6Q, STM32U535CET6, STM32U535CET6Q, STM32U535CEU6, STM32U535CEU6Q, STM32U535JEY6QTR, STM32U535NCY6QTR, STM32U535NEY6QTR, STM32U535RBI6, STM32U535RBI6Q, STM32U535RBT6, STM32U535RBT6Q, STM32U535RCI6, STM32U535RCI6Q, STM32U535RCT6, STM32U535RCT6Q, STM32U535REI6, STM32U535REI6Q, STM32U535RET6, STM32U535RET6Q, STM32U535VCI6, STM32U535VCI6Q, STM32U535VCT6, STM32U535VCT6Q, STM32U535VEI6, STM32U535VEI6Q, STM32U535VET6, STM32U535VET6Q, STM32U545CET6, STM32U545CET6Q, STM32U545CEU6, STM32U545CEU6Q, STM32U545JEY6QTR, STM32U545NEY6QTR, STM32U545REI6, STM32U545REI6Q, STM32U545RET6, STM32U545RET6Q, STM32U545VEI6, STM32U545VEI6Q, STM32U545VET6, STM32U545VET6Q, STM32U595AIH6, STM32U595AIH6Q, STM32U595AJH6, STM32U595AJH6Q, STM32U595QII6, STM32U595QII6Q, STM32U595QJI6, STM32U595QJI6Q, STM32U595RIT6, STM32U595RIT6Q, STM32U595RJT6, STM32U595RJT6Q, STM32U595VIT6, STM32U595VIT6Q, STM32U595VJT6, STM32U595VJT6Q, STM32U595ZIT6, STM32U595ZIT6Q, STM32U595ZIY6QTR, STM32U595ZJT6, STM32U595ZJT6Q, STM32U595ZJY6QTR, STM32U599BJY6QTR, STM32U599NIH6Q, STM32U599NJH6Q, STM32U599VIT6Q, STM32U599VJT6, STM32U599VJT6Q, STM32U599ZIT6Q, STM32U599ZIY6QTR, STM32U599ZJT6Q, STM32U599ZJY6QTR, STM32U5A5AJH6, STM32U5A5AJH6Q, STM32U5A5QJI6, STM32U5A5QJI6Q, STM32U5A5RJT6, STM32U5A5RJT6Q, STM32U5A5VJT6, STM32U5A5VJT6Q, STM32U5A5ZJT6, STM32U5A5ZJT6Q, STM32U5A5ZJY6QTR, STM32U5A9BJY6QTR, STM32U5A9J-DK, STM32U5A9NJH6Q, STM32U5A9VJT6Q, STM32U5A9ZJT6Q, STM32U5A9ZJY6QTR, STM32U5F7VIT6, STM32U5F7VIT6Q, STM32U5F7VJT6, STM32U5F7VJT6Q, STM32U5F9BJY6QTR, STM32U5F9NJH6Q, STM32U5F9VIT6Q, STM32U5F9VJT6Q, STM32U5F9ZIJ6QTR, STM32U5F9ZIT6Q, STM32U5F9ZJJ6QTR, STM32U5F9ZJT6Q, STM32U5G7VJT6, STM32U5G7VJT6Q, STM32U5G9BJY6QTR, STM32U5G9J-DK1, STM32U5G9J-DK2, STM32U5G9NJH6Q, STM32U5G9VJT6Q, STM32U5G9ZJJ6QTR, STM32U5G9ZJT6Q, STM32WB1MMCH6, STM32WBA52CEU6, STM32WBA52CEU6T, STM32WBA52CGU6, STM32WBA52CGU6T, STM32WBA52KEU6, STM32WBA52KEU6T, STM32WBA52KGU6, STM32WBA52KGU6T, STM32WL5MOCH6, STM32WL5MOCH6TR]
2023-12-06 03:45:56,555 [INFO] DbMcus:217 - Found 3848 MCUs, 3848 are supported
2023-12-06 03:45:56,560 [INFO] ApiDb:423 - Load user favorites file C:\Users\Nelson Lima/.stm32cubeide/favorites.mcus.txt: 1 item(s)
2023-12-06 03:45:56,560 [INFO] ApiDb:427 - User favorites MCUs=[STM32F411CEU6]
2023-12-06 03:45:56,560 [INFO] DbMcus:223 - Set 1 / 1 favorites MCUs
2023-12-06 03:45:57,023 [WARN] ThirdParty:833 - waiting for thirdparty lock release [change project]
2023-12-06 03:45:57,023 [INFO] ThirdParty:835 - entering critical section [change project]
2023-12-06 03:45:57,023 [INFO] ThirdParty:1030 - CMSIS Pack Vendor :STMicroelectronics USBPD 4.1
2023-12-06 03:45:57,023 [INFO] ThirdParty:1030 - CMSIS Pack Vendor :STMicroelectronics X-CUBE-GNSS1 6.0.0
2023-12-06 03:45:57,023 [INFO] ThirdParty:1030 - CMSIS Pack Vendor :STMicroelectronics USB_HOST 2.0.0
2023-12-06 03:45:57,023 [INFO] ThirdParty:1030 - CMSIS Pack Vendor :STMicroelectronics X-CUBE-AZRTOS-F4 1.1.0
2023-12-06 03:45:57,023 [INFO] ThirdParty:1030 - CMSIS Pack Vendor :STMicroelectronics LIBJPEG 8.0.0
2023-12-06 03:45:57,023 [INFO] ThirdParty:1030 - CMSIS Pack Vendor :STMicroelectronics X-CUBE-SMBUS 2.1.0
2023-12-06 03:45:57,023 [INFO] ThirdParty:1030 - CMSIS Pack Vendor :STMicroelectronics X-CUBE-SFXS2LP1 2.0.0
2023-12-06 03:45:57,023 [INFO] ThirdParty:1030 - CMSIS Pack Vendor :STMicroelectronics X-CUBE-SUBG2 4.1.0
2023-12-06 03:45:57,024 [INFO] ThirdParty:1030 - CMSIS Pack Vendor :STMicroelectronics X-CUBE-MEMS1 9.2.0
2023-12-06 03:45:57,024 [INFO] ThirdParty:1030 - CMSIS Pack Vendor :STMicroelectronics X-CUBE-BLEMGR 1.2.0
2023-12-06 03:45:57,024 [INFO] ThirdParty:1030 - CMSIS Pack Vendor :STMicroelectronics X-CUBE-AZRTOS-H7 1.1.0
2023-12-06 03:45:57,024 [INFO] ThirdParty:1030 - CMSIS Pack Vendor :STMicroelectronics X-CUBE-AZRTOS-F7 1.1.0
2023-12-06 03:45:57,024 [INFO] ThirdParty:1030 - CMSIS Pack Vendor :STMicroelectronics X-CUBE-AZRTOS-L5 2.0.0
2023-12-06 03:45:57,024 [INFO] ThirdParty:1030 - CMSIS Pack Vendor :STMicroelectronics USB_DEVICE 2.0.0
2023-12-06 03:45:57,024 [INFO] ThirdParty:1030 - CMSIS Pack Vendor :STMicroelectronics X-CUBE-MEMS1 9.6.0
2023-12-06 03:45:57,024 [INFO] ThirdParty:1030 - CMSIS Pack Vendor :STMicroelectronics X-CUBE-EEPRMA1 4.2.0
2023-12-06 03:45:57,024 [INFO] ThirdParty:1030 - CMSIS Pack Vendor :ITTIA_DB I-CUBE-ITTIADB 8.8.0
2023-12-06 03:45:57,024 [INFO] ThirdParty:1030 - CMSIS Pack Vendor :STMicroelectronics X-CUBE-AI 7.1.0
2023-12-06 03:45:57,024 [INFO] ThirdParty:1030 - CMSIS Pack Vendor :STMicroelectronics X-CUBE-TOUCHGFX 4.19.1
2023-12-06 03:45:57,024 [INFO] ThirdParty:1030 - CMSIS Pack Vendor :STMicroelectronics FP-SNS-MOTENV1 4.3.2
2023-12-06 03:45:57,024 [INFO] ThirdParty:1030 - CMSIS Pack Vendor :STMicroelectronics FP-SNS-MOTENV1 4.3.1
2023-12-06 03:45:57,024 [INFO] ThirdParty:1030 - CMSIS Pack Vendor :STMicroelectronics FP-SNS-FLIGHT1 5.0.1
2023-12-06 03:45:57,024 [INFO] ThirdParty:1030 - CMSIS Pack Vendor :STMicroelectronics X-CUBE-BLE1 6.2.3
2023-12-06 03:45:57,024 [INFO] ThirdParty:1030 - CMSIS Pack Vendor :STMicroelectronics X-CUBE-EEPRMA1 3.0.0
2023-12-06 03:45:57,024 [INFO] ThirdParty:1030 - CMSIS Pack Vendor :STMicroelectronics X-CUBE-BLE1 6.2.4
2023-12-06 03:45:57,024 [INFO] ThirdParty:1030 - CMSIS Pack Vendor :STMicroelectronics FreeRTOS 0.0.1
2023-12-06 03:45:57,024 [INFO] ThirdParty:1030 - CMSIS Pack Vendor :STMicroelectronics X-CUBE-BLEMGR 2.0.0
2023-12-06 03:45:57,024 [INFO] ThirdParty:1030 - CMSIS Pack Vendor :STMicroelectronics X-CUBE-ALGOBUILD 1.1.0
2023-12-06 03:45:57,024 [INFO] ThirdParty:1030 - CMSIS Pack Vendor :STMicroelectronics X-CUBE-BLE1 6.2.0
2023-12-06 03:45:57,024 [INFO] ThirdParty:1030 - CMSIS Pack Vendor :STMicroelectronics X-CUBE-BLE1 6.2.1
2023-12-06 03:45:57,024 [INFO] ThirdParty:1030 - CMSIS Pack Vendor :STMicroelectronics X-CUBE-BLE1 6.2.2
2023-12-06 03:45:57,024 [INFO] ThirdParty:1030 - CMSIS Pack Vendor :STMicroelectronics X-CUBE-BLE2 3.2.1
2023-12-06 03:45:57,024 [INFO] ThirdParty:1030 - CMSIS Pack Vendor :STMicroelectronics FP-SNS-FLIGHT1 5.0.2
2023-12-06 03:45:57,024 [INFO] ThirdParty:1030 - CMSIS Pack Vendor :STMicroelectronics X-CUBE-NFC4 2.0.5
2023-12-06 03:45:57,025 [INFO] ThirdParty:1030 - CMSIS Pack Vendor :STMicroelectronics X-CUBE-BLE2 3.2.2
2023-12-06 03:45:57,025 [INFO] ThirdParty:1030 - CMSIS Pack Vendor :STMicroelectronics X-CUBE-NFC4 2.0.4
2023-12-06 03:45:57,025 [INFO] ThirdParty:1030 - CMSIS Pack Vendor :STMicroelectronics X-CUBE-TOUCHGFX 4.15.0
2023-12-06 03:45:57,025 [INFO] ThirdParty:1030 - CMSIS Pack Vendor :STMicroelectronics X-CUBE-NFC4 2.0.3
2023-12-06 03:45:57,025 [INFO] ThirdParty:1030 - CMSIS Pack Vendor :STMicroelectronics X-CUBE-NFC4 2.0.2
2023-12-06 03:45:57,025 [INFO] ThirdParty:1030 - CMSIS Pack Vendor :STMicroelectronics X-CUBE-NFC4 2.0.1
2023-12-06 03:45:57,025 [INFO] ThirdParty:1030 - CMSIS Pack Vendor :STMicroelectronics X-CUBE-AZRTOS-H7 3.1.0
2023-12-06 03:45:57,025 [INFO] ThirdParty:1030 - CMSIS Pack Vendor :STMicroelectronics X-CUBE-TOUCHGFX 4.19.0
2023-12-06 03:45:57,025 [INFO] ThirdParty:1030 - CMSIS Pack Vendor :STMicroelectronics PDM2PCM 3.3.0
2023-12-06 03:45:57,025 [INFO] ThirdParty:1030 - CMSIS Pack Vendor :STMicroelectronics X-CUBE-TOF1 3.1.0
2023-12-06 03:45:57,025 [INFO] ThirdParty:1030 - CMSIS Pack Vendor :STMicroelectronics X-CUBE-BLE2 3.2.0
2023-12-06 03:45:57,025 [INFO] ThirdParty:1030 - CMSIS Pack Vendor :STMicroelectronics X-CUBE-SFXS2LP1 3.1.0
2023-12-06 03:45:57,025 [INFO] ThirdParty:1030 - CMSIS Pack Vendor :STMicroelectronics X-CUBE-DISPLAY 3.0.0
2023-12-06 03:45:57,025 [INFO] ThirdParty:1030 - CMSIS Pack Vendor :STMicroelectronics X-CUBE-AZRTOS-F4 1.0.0
2023-12-06 03:45:57,025 [INFO] ThirdParty:1030 - CMSIS Pack Vendor :STMicroelectronics X-CUBE-BLE1 7.0.0
2023-12-06 03:45:57,025 [INFO] ThirdParty:1030 - CMSIS Pack Vendor :STMicroelectronics X-CUBE-SUBG2 3.0.1
2023-12-06 03:45:57,025 [INFO] ThirdParty:1030 - CMSIS Pack Vendor :STMicroelectronics X-CUBE-SUBG2 3.0.0
2023-12-06 03:45:57,025 [INFO] ThirdParty:1030 - CMSIS Pack Vendor :STMicroelectronics X-CUBE-TOF1 2.0.0
2023-12-06 03:45:57,025 [INFO] ThirdParty:1030 - CMSIS Pack Vendor :STMicroelectronics HAL Drivers 0.0.0
2023-12-06 03:45:57,025 [INFO] ThirdParty:1030 - CMSIS Pack Vendor :STMicroelectronics X-CUBE-TOUCHGFX 4.22.0
2023-12-06 03:45:57,025 [INFO] ThirdParty:1030 - CMSIS Pack Vendor :STMicroelectronics X-CUBE-NFC7 1.0.1
2023-12-06 03:45:57,025 [INFO] ThirdParty:1030 - CMSIS Pack Vendor :STMicroelectronics MBEDTLS 2.14.1
2023-12-06 03:45:57,025 [INFO] ThirdParty:1030 - CMSIS Pack Vendor :STMicroelectronics X-CUBE-NFC7 1.0.0
2023-12-06 03:45:57,025 [INFO] ThirdParty:1030 - CMSIS Pack Vendor :STMicroelectronics X-CUBE-TOUCHGFX 4.22.1
2023-12-06 03:45:57,025 [INFO] ThirdParty:1030 - CMSIS Pack Vendor :STMicroelectronics X-CUBE-SUBG2 4.2.0
2023-12-06 03:45:57,025 [INFO] ThirdParty:1030 - CMSIS Pack Vendor :STMicroelectronics X-CUBE-AZRTOS-H7 1.0.0
2023-12-06 03:45:57,026 [INFO] ThirdParty:1030 - CMSIS Pack Vendor :STMicroelectronics X-CUBE-NFC6 3.0.0
2023-12-06 03:45:57,026 [INFO] ThirdParty:1030 - CMSIS Pack Vendor :STMicroelectronics X-CUBE-MEMS1 9.3.0
2023-12-06 03:45:57,026 [INFO] ThirdParty:1030 - CMSIS Pack Vendor :STMicroelectronics X-CUBE-EEPRMA1 4.1.0
2023-12-06 03:45:57,026 [INFO] ThirdParty:1030 - CMSIS Pack Vendor :STMicroelectronics X-CUBE-AI 7.2.0
2023-12-06 03:45:57,026 [INFO] ThirdParty:1030 - CMSIS Pack Vendor :STMicroelectronics FP-SNS-SMARTAG2 1.2.0
2023-12-06 03:45:57,026 [INFO] ThirdParty:1030 - CMSIS Pack Vendor :STMicroelectronics X-CUBE-AZRTOS-WL 2.0.0
2023-12-06 03:45:57,026 [INFO] ThirdParty:1030 - CMSIS Pack Vendor :STMicroelectronics X-CUBE-ALGOBUILD 1.2.1
2023-12-06 03:45:57,026 [INFO] ThirdParty:1030 - CMSIS Pack Vendor :STMicroelectronics X-CUBE-DISPLAY 1.0.0
2023-12-06 03:45:57,026 [INFO] ThirdParty:1030 - CMSIS Pack Vendor :STMicroelectronics USB_DEVICE 1.0.0
2023-12-06 03:45:57,026 [INFO] ThirdParty:1030 - CMSIS Pack Vendor :STMicroelectronics X-CUBE-AI 8.1.0
2023-12-06 03:45:57,026 [INFO] ThirdParty:1030 - CMSIS Pack Vendor :STMicroelectronics X-CUBE-AI 6.0.0
2023-12-06 03:45:57,026 [INFO] ThirdParty:1030 - CMSIS Pack Vendor :STMicroelectronics X-CUBE-ALGOBUILD 1.2.0
2023-12-06 03:45:57,026 [INFO] ThirdParty:1030 - CMSIS Pack Vendor :STMicroelectronics X-CUBE-AZRTOS-G0 1.0.0
2023-12-06 03:45:57,026 [INFO] ThirdParty:1030 - CMSIS Pack Vendor :STMicroelectronics X-CUBE-AZRTOS-L4 2.0.0
2023-12-06 03:45:57,026 [INFO] ThirdParty:1030 - CMSIS Pack Vendor :STMicroelectronics ThreadX 0.0.2
2023-12-06 03:45:57,026 [INFO] ThirdParty:1030 - CMSIS Pack Vendor :WES I-CUBE-Cesium 1.3.0
2023-12-06 03:45:57,026 [INFO] ThirdParty:1030 - CMSIS Pack Vendor :STMicroelectronics X-CUBE-BLE1 6.1.0
2023-12-06 03:45:57,026 [INFO] ThirdParty:1030 - CMSIS Pack Vendor :STMicroelectronics lwIP 2.1.2
2023-12-06 03:45:57,026 [INFO] ThirdParty:1030 - CMSIS Pack Vendor :STMicroelectronics X-CUBE-SFXS2LP1 4.0.0
2023-12-06 03:45:57,026 [INFO] ThirdParty:1030 - CMSIS Pack Vendor :STMicroelectronics X-CUBE-BLE2 3.3.0
2023-12-06 03:45:57,026 [INFO] ThirdParty:1030 - CMSIS Pack Vendor :STMicroelectronics X-CUBE-DISPLAY 2.2.0
2023-12-06 03:45:57,026 [INFO] ThirdParty:1030 - CMSIS Pack Vendor :STMicroelectronics X-CUBE-TOF1 3.2.0
2023-12-06 03:45:57,026 [INFO] ThirdParty:1030 - CMSIS Pack Vendor :wolfSSL I-CUBE-wolfSSL 4.7.0
2023-12-06 03:45:57,026 [INFO] ThirdParty:1030 - CMSIS Pack Vendor :STMicroelectronics X-CUBE-AI 5.2.0
2023-12-06 03:45:57,026 [INFO] ThirdParty:1030 - CMSIS Pack Vendor :STMicroelectronics PDM2PCM 3.2.0
2023-12-06 03:45:57,026 [INFO] ThirdParty:1030 - CMSIS Pack Vendor :STMicroelectronics X-CUBE-TOUCHGFX 4.18.1
2023-12-06 03:45:57,027 [INFO] ThirdParty:1030 - CMSIS Pack Vendor :STMicroelectronics X-CUBE-AZRTOS-H7 3.0.0
2023-12-06 03:45:57,027 [INFO] ThirdParty:1030 - CMSIS Pack Vendor :STMicroelectronics X-CUBE-TOUCHGFX 4.18.0
2023-12-06 03:45:57,027 [INFO] ThirdParty:1030 - CMSIS Pack Vendor :STMicroelectronics X-CUBE-ISPU 1.1.0
2023-12-06 03:45:57,027 [INFO] ThirdParty:1030 - CMSIS Pack Vendor :RoweBots I-CUBE-UNISONRTOS 5.5.0-4
2023-12-06 03:45:57,027 [INFO] ThirdParty:1030 - CMSIS Pack Vendor :STMicroelectronics X-CUBE-SFXS2LP1 3.0.0
2023-12-06 03:45:57,027 [INFO] ThirdParty:1030 - CMSIS Pack Vendor :STMicroelectronics X-CUBE-AZRTOS-H7 2.1.0
2023-12-06 03:45:57,027 [INFO] ThirdParty:1030 - CMSIS Pack Vendor :STMicroelectronics USB_DEVICE 3.0.0
2023-12-06 03:45:57,027 [INFO] ThirdParty:1030 - CMSIS Pack Vendor :STMicroelectronics X-CUBE-AI 8.0.0
2023-12-06 03:45:57,027 [INFO] ThirdParty:1030 - CMSIS Pack Vendor :STMicroelectronics X-CUBE-AZRTOS-WB 2.0.0
2023-12-06 03:45:57,027 [INFO] ThirdParty:1030 - CMSIS Pack Vendor :STMicroelectronics X-CUBE-FREERTOS 1.0.0
2023-12-06 03:45:57,027 [INFO] ThirdParty:1030 - CMSIS Pack Vendor :STMicroelectronics X-CUBE-FREERTOS 1.0.1
2023-12-06 03:45:57,027 [INFO] ThirdParty:1030 - CMSIS Pack Vendor :STMicroelectronics X-CUBE-TOUCHGFX 4.21.3
2023-12-06 03:45:57,027 [INFO] ThirdParty:1030 - CMSIS Pack Vendor :STMicroelectronics X-CUBE-BLEMGR 1.0.0
2023-12-06 03:45:57,027 [INFO] ThirdParty:1030 - CMSIS Pack Vendor :STMicroelectronics X-CUBE-MEMS1 9.0.0
2023-12-06 03:45:57,027 [INFO] ThirdParty:1030 - CMSIS Pack Vendor :STMicroelectronics X-CUBE-TOUCHGFX 4.21.4
2023-12-06 03:45:57,027 [INFO] ThirdParty:1030 - CMSIS Pack Vendor :STMicroelectronics X-CUBE-MEMS1 9.4.0
2023-12-06 03:45:57,027 [INFO] ThirdParty:1030 - CMSIS Pack Vendor :STMicroelectronics X-CUBE-AI 7.3.0
2023-12-06 03:45:57,027 [INFO] ThirdParty:1030 - CMSIS Pack Vendor :STMicroelectronics X-CUBE-ALGOBUILD 1.3.0
2023-12-06 03:45:57,027 [INFO] ThirdParty:1030 - CMSIS Pack Vendor :STMicroelectronics X-CUBE-MEMS1 8.2.0
2023-12-06 03:45:57,027 [INFO] ThirdParty:1030 - CMSIS Pack Vendor :STMicroelectronics X-CUBE-AZRTOS-L5 1.1.0
2023-12-06 03:45:57,027 [INFO] ThirdParty:1030 - CMSIS Pack Vendor :STMicroelectronics X-CUBE-AZRTOS-G0 1.1.0
2023-12-06 03:45:57,027 [INFO] ThirdParty:1030 - CMSIS Pack Vendor :STMicroelectronics X-CUBE-AI 8.0.1
2023-12-06 03:45:57,027 [INFO] ThirdParty:1030 - CMSIS Pack Vendor :STMicroelectronics X-CUBE-NFC4 3.0.0
2023-12-06 03:45:57,027 [INFO] ThirdParty:1030 - CMSIS Pack Vendor :SEGGER I-CUBE-embOS 1.2.0
2023-12-06 03:45:57,027 [INFO] ThirdParty:1030 - CMSIS Pack Vendor :STMicroelectronics X-CUBE-SUBG2 5.0.0
2023-12-06 03:45:57,027 [INFO] ThirdParty:1030 - CMSIS Pack Vendor :STMicroelectronics STM32_WPAN 1.0.0
2023-12-06 03:45:57,027 [INFO] ThirdParty:1030 - CMSIS Pack Vendor :STMicroelectronics X-CUBE-GNSS1 5.1.0
2023-12-06 03:45:57,028 [INFO] ThirdParty:1030 - CMSIS Pack Vendor :STMicroelectronics lwIP 2.0.3
2023-12-06 03:45:57,028 [INFO] ThirdParty:1030 - CMSIS Pack Vendor :STMicroelectronics USB_HOST 1.0.0
2023-12-06 03:45:57,028 [INFO] ThirdParty:1030 - CMSIS Pack Vendor :STMicroelectronics X-CUBE-DISPLAY 2.1.0
2023-12-06 03:45:57,028 [INFO] ThirdParty:1030 - CMSIS Pack Vendor :STMicroelectronics X-CUBE-TOF1 3.3.1
2023-12-06 03:45:57,028 [INFO] ThirdParty:1030 - CMSIS Pack Vendor :STMicroelectronics X-CUBE-AZRTOS-G4 2.0.0
2023-12-06 03:45:57,028 [INFO] ThirdParty:1030 - CMSIS Pack Vendor :STMicroelectronics X-CUBE-TOUCHGFX 4.17.0
2023-12-06 03:45:57,028 [INFO] ThirdParty:1030 - CMSIS Pack Vendor :STMicroelectronics PDM2PCM 3.1.0
2023-12-06 03:45:57,028 [INFO] ThirdParty:1030 - CMSIS Pack Vendor :STMicroelectronics X-CUBE-TOF1 3.3.0
2023-12-06 03:45:57,028 [INFO] ThirdParty:1030 - CMSIS Pack Vendor :STMicroelectronics FP-ATR-ASTRA1 1.1.1
2023-12-06 03:45:57,028 [INFO] ThirdParty:1030 - CMSIS Pack Vendor :Infineon AIROC-Wi-Fi-Bluetooth-STM32 1.5.1
2023-12-06 03:45:57,028 [INFO] ThirdParty:1030 - CMSIS Pack Vendor :STMicroelectronics X-CUBE-BLEMGR 3.0.0
2023-12-06 03:45:57,028 [INFO] ThirdParty:1030 - CMSIS Pack Vendor :STMicroelectronics FP-ATR-ASTRA1 1.1.0
2023-12-06 03:45:57,028 [INFO] ThirdParty:1030 - CMSIS Pack Vendor :STMicroelectronics X-CUBE-BLEMGR 1.3.0
2023-12-06 03:45:57,028 [INFO] ThirdParty:1030 - CMSIS Pack Vendor :STMicroelectronics FP-SNS-MOTENVWB1 1.3.0
2023-12-06 03:45:57,028 [INFO] ThirdParty:1030 - CMSIS Pack Vendor :STMicroelectronics X-CUBE-AZRTOS-H7 2.0.0
2023-12-06 03:45:57,028 [INFO] ThirdParty:1030 - CMSIS Pack Vendor :STMicroelectronics FP-SNS-MOTENVWB1 1.3.1
2023-12-06 03:45:57,028 [INFO] ThirdParty:1030 - CMSIS Pack Vendor :STMicroelectronics FP-ATR-SIGFOX1 3.2.0
2023-12-06 03:45:57,028 [INFO] ThirdParty:1030 - CMSIS Pack Vendor :STMicroelectronics X-CUBE-AZRTOS-G4 1.0.0
2023-12-06 03:45:57,028 [INFO] ThirdParty:1030 - CMSIS Pack Vendor :STMicroelectronics X-CUBE-AZRTOS-L4 1.0.0
2023-12-06 03:45:57,028 [INFO] ThirdParty:1030 - CMSIS Pack Vendor :STMicroelectronics X-CUBE-ISPU 2.0.0
2023-12-06 03:45:57,028 [INFO] ThirdParty:1030 - CMSIS Pack Vendor :STMicroelectronics MBEDTLS 2.16.2
2023-12-06 03:45:57,028 [INFO] ThirdParty:1030 - CMSIS Pack Vendor :emotas I-CUBE-CANOPEN 1.1.2
2023-12-06 03:45:57,028 [INFO] ThirdParty:1030 - CMSIS Pack Vendor :STMicroelectronics X-CUBE-TOUCHGFX 4.20.0
2023-12-06 03:45:57,028 [INFO] ThirdParty:1030 - CMSIS Pack Vendor :STMicroelectronics X-CUBE-MEMS1 10.0.0
2023-12-06 03:45:57,028 [INFO] ThirdParty:1030 - CMSIS Pack Vendor :STMicroelectronics X-CUBE-FREERTOS 1.1.0
2023-12-06 03:45:57,028 [INFO] ThirdParty:1030 - CMSIS Pack Vendor :STMicroelectronics X-CUBE-AZRTOS-F7 1.0.0
2023-12-06 03:45:57,028 [INFO] ThirdParty:1030 - CMSIS Pack Vendor :STMicroelectronics X-CUBE-SUBG2 4.0.0
2023-12-06 03:45:57,028 [INFO] ThirdParty:1030 - CMSIS Pack Vendor :STMicroelectronics X-CUBE-AZRTOS-WL 1.0.0
2023-12-06 03:45:57,028 [INFO] ThirdParty:1030 - CMSIS Pack Vendor :STMicroelectronics X-CUBE-MEMS1 9.1.0
2023-12-06 03:45:57,029 [INFO] ThirdParty:1030 - CMSIS Pack Vendor :STMicroelectronics X-CUBE-TOF1 1.0.0
2023-12-06 03:45:57,029 [INFO] ThirdParty:1030 - CMSIS Pack Vendor :portGmbH I-Cube-SoM-uGOAL 1.1.0
2023-12-06 03:45:57,029 [INFO] ThirdParty:1030 - CMSIS Pack Vendor :STMicroelectronics X-CUBE-ALS 1.0.1
2023-12-06 03:45:57,029 [INFO] ThirdParty:1030 - CMSIS Pack Vendor :STMicroelectronics X-CUBE-MEMS1 9.5.0
2023-12-06 03:45:57,029 [INFO] ThirdParty:1030 - CMSIS Pack Vendor :STMicroelectronics X-CUBE-AI 7.0.0
2023-12-06 03:45:57,029 [INFO] ThirdParty:1030 - CMSIS Pack Vendor :STMicroelectronics ThreadX 1.0.0
2023-12-06 03:45:57,029 [INFO] ThirdParty:1030 - CMSIS Pack Vendor :STMicroelectronics X-CUBE-AZRTOS-WB 1.1.0
2023-12-06 03:45:57,029 [INFO] ThirdParty:1030 - CMSIS Pack Vendor :SEGGER I-CUBE-embOS 1.3.1
2023-12-06 03:45:57,029 [INFO] ThirdParty:1030 - CMSIS Pack Vendor :STMicroelectronics X-CUBE-MEMS1 8.3.0
2023-12-06 03:45:57,029 [INFO] ThirdParty:1030 - CMSIS Pack Vendor :STMicroelectronics X-CUBE-AZRTOS-L5 1.0.0
2023-12-06 03:45:57,029 [INFO] ThirdParty:1030 - CMSIS Pack Vendor :STMicroelectronics X-CUBE-EEPRMA1 3.1.0
2023-12-06 03:45:57,029 [INFO] ThirdParty:1030 - CMSIS Pack Vendor :STMicroelectronics X-CUBE-EEPRMA1 3.1.1
2023-12-06 03:45:57,029 [INFO] ThirdParty:1030 - CMSIS Pack Vendor :STMicroelectronics X-CUBE-GNSS1 5.2.0
2023-12-06 03:45:57,029 [INFO] ThirdParty:1030 - CMSIS Pack Vendor :STMicroelectronics FP-ATR-ASTRA1 2.0.0
2023-12-06 03:45:57,029 [INFO] ThirdParty:1030 - CMSIS Pack Vendor :STMicroelectronics X-CUBE-DISPLAY 2.0.0
2023-12-06 03:45:57,029 [INFO] ThirdParty:1030 - CMSIS Pack Vendor :STMicroelectronics X-CUBE-DISPLAY 2.0.1
2023-12-06 03:45:57,029 [INFO] ThirdParty:1030 - CMSIS Pack Vendor :STMicroelectronics X-CUBE-TOF1 3.4.0
2023-12-06 03:45:57,029 [INFO] ThirdParty:1030 - CMSIS Pack Vendor :STMicroelectronics X-CUBE-TOUCHGFX 4.16.1
2023-12-06 03:45:57,029 [INFO] ThirdParty:1030 - CMSIS Pack Vendor :STMicroelectronics X-CUBE-AZRTOS-H7 3.2.0
2023-12-06 03:45:57,029 [INFO] ThirdParty:1030 - CMSIS Pack Vendor :STMicroelectronics X-CUBE-TOUCHGFX 4.16.0
2023-12-06 03:45:57,029 [INFO] ThirdParty:1030 - CMSIS Pack Vendor :STMicroelectronics X-CUBE-TOF1 3.0.0
2023-12-06 03:45:57,029 [INFO] ThirdParty:1030 - CMSIS Pack Vendor :STMicroelectronics X-CUBE-BLE2 3.1.0
2023-12-06 03:45:57,029 [INFO] ThirdParty:841 - exiting critical section [change project]
2023-12-06 03:45:57,387 [INFO] PinOutPanel:1499 - setPackage(No Configuration,No Configuration)
2023-12-06 03:45:57,389 [INFO] PinOutPanel:1499 - setPackage(STM32F411CEUx,UFQFPN48)
2023-12-06 03:45:57,895 [INFO] UtilMem:75 - Before build in PCC Used Memory: 884468224 Bytes (1073741824)
2023-12-06 03:45:58,960 [INFO] UtilMem:75 - After build in PCC Used Memory: 679409200 Bytes (1073741824)
2023-12-06 03:45:58,984 [INFO] IPUIPlugin:80 - create IPUIPlugin
2023-12-06 03:45:58,984 [INFO] IPUIPlugin:80 - create IPUIPlugin
2023-12-06 03:45:58,985 [INFO] IPUIPlugin:80 - create IPUIPlugin
2023-12-06 03:45:58,985 [INFO] IPUIPlugin:80 - create IPUIPlugin
2023-12-06 03:45:58,985 [INFO] IPUIPlugin:80 - create IPUIPlugin
2023-12-06 03:45:58,985 [INFO] IPUIPlugin:80 - create IPUIPlugin
2023-12-06 03:45:58,985 [INFO] IPUIPlugin:80 - create IPUIPlugin
2023-12-06 03:45:58,985 [INFO] IPUIPlugin:80 - create IPUIPlugin
2023-12-06 03:45:58,985 [INFO] IPUIPlugin:80 - create IPUIPlugin
2023-12-06 03:45:58,985 [INFO] IPUIPlugin:80 - create IPUIPlugin
2023-12-06 03:45:58,985 [INFO] IPUIPlugin:80 - create IPUIPlugin
2023-12-06 03:45:58,985 [INFO] IPUIPlugin:80 - create IPUIPlugin
2023-12-06 03:45:58,985 [INFO] IPUIPlugin:80 - create IPUIPlugin
2023-12-06 03:45:58,986 [INFO] IPUIPlugin:80 - create IPUIPlugin
2023-12-06 03:45:58,986 [INFO] IPUIPlugin:80 - create IPUIPlugin
2023-12-06 03:45:58,986 [INFO] IPUIPlugin:80 - create IPUIPlugin
2023-12-06 03:45:58,986 [INFO] IPUIPlugin:80 - create IPUIPlugin
2023-12-06 03:45:58,986 [INFO] IPUIPlugin:80 - create IPUIPlugin
2023-12-06 03:45:58,986 [INFO] IPUIPlugin:80 - create IPUIPlugin
2023-12-06 03:45:58,987 [INFO] IPUIPlugin:80 - create IPUIPlugin
2023-12-06 03:45:58,987 [INFO] IPUIPlugin:80 - create IPUIPlugin
2023-12-06 03:45:58,987 [INFO] IPUIPlugin:80 - create IPUIPlugin
2023-12-06 03:45:58,987 [INFO] IPUIPlugin:80 - create IPUIPlugin
2023-12-06 03:45:58,987 [INFO] IPUIPlugin:80 - create IPUIPlugin
2023-12-06 03:45:58,988 [INFO] IPUIPlugin:80 - create IPUIPlugin
2023-12-06 03:45:58,988 [INFO] IPUIPlugin:80 - create IPUIPlugin
2023-12-06 03:45:58,988 [INFO] IPUIPlugin:80 - create IPUIPlugin
2023-12-06 03:45:58,988 [INFO] IPUIPlugin:80 - create IPUIPlugin
2023-12-06 03:45:58,989 [INFO] IPUIPlugin:80 - create IPUIPlugin
2023-12-06 03:45:58,989 [INFO] IPUIPlugin:80 - create IPUIPlugin
2023-12-06 03:45:58,989 [INFO] IPUIPlugin:80 - create IPUIPlugin
2023-12-06 03:45:58,990 [INFO] IPUIPlugin:80 - create IPUIPlugin
2023-12-06 03:45:58,990 [INFO] IPUIPlugin:80 - create IPUIPlugin
2023-12-06 03:45:58,990 [INFO] IPUIPlugin:80 - create IPUIPlugin
2023-12-06 03:45:58,991 [INFO] IPUIPlugin:80 - create IPUIPlugin
2023-12-06 03:45:58,991 [INFO] IPUIPlugin:80 - create IPUIPlugin
2023-12-06 03:45:58,991 [INFO] IPUIPlugin:80 - create IPUIPlugin
2023-12-06 03:45:58,992 [INFO] IPUIPlugin:80 - create IPUIPlugin
2023-12-06 03:45:58,992 [INFO] IPUIPlugin:80 - create IPUIPlugin
2023-12-06 03:45:58,993 [INFO] IPUIPlugin:80 - create IPUIPlugin
2023-12-06 03:45:58,993 [INFO] IPUIPlugin:80 - create IPUIPlugin
2023-12-06 03:45:58,994 [INFO] IPUIPlugin:80 - create IPUIPlugin
2023-12-06 03:45:58,994 [INFO] IPUIPlugin:80 - create IPUIPlugin
2023-12-06 03:45:59,140 [INFO] ApiDbMcu:507 - Load IP Config File for PDM2PCM
2023-12-06 03:45:59,156 [WARN] IP:2114 - I2C_Coeff_DF not found: check if there is a RefParameter without a condition.
2023-12-06 03:45:59,156 [WARN] IP:2114 - Analog_Filter not found: check if there is a RefParameter without a condition.
2023-12-06 03:45:59,425 [INFO] CADModel:165 - CPN selected for project levelSTM32F411CEU6
2023-12-06 03:45:59,425 [INFO] CADModel:114 - Register for checkConnection events
2023-12-06 03:45:59,481 [INFO] OpenFileManager:328 - Restore cursor
2023-12-06 03:45:59,671 [WARN] IP:2114 - I2C_Coeff_DF not found: check if there is a RefParameter without a condition.
2023-12-06 03:45:59,671 [WARN] IP:2114 - Analog_Filter not found: check if there is a RefParameter without a condition.
2023-12-06 03:45:59,671 [WARN] IP:2114 - I2C_Coeff_DF not found: check if there is a RefParameter without a condition.
2023-12-06 03:45:59,672 [WARN] IP:2114 - Analog_Filter not found: check if there is a RefParameter without a condition.
2023-12-06 03:48:17,815 [WARN] IP:2114 - I2C_Coeff_DF not found: check if there is a RefParameter without a condition.
2023-12-06 03:48:17,815 [WARN] IP:2114 - Analog_Filter not found: check if there is a RefParameter without a condition.
2023-12-06 03:48:17,816 [WARN] IP:2114 - I2C_Coeff_DF not found: check if there is a RefParameter without a condition.
2023-12-06 03:48:17,816 [WARN] IP:2114 - Analog_Filter not found: check if there is a RefParameter without a condition.
2023-12-06 03:48:17,843 [WARN] IP:2114 - I2C_Coeff_DF not found: check if there is a RefParameter without a condition.
2023-12-06 03:48:17,843 [WARN] IP:2114 - Analog_Filter not found: check if there is a RefParameter without a condition.
2023-12-06 03:48:17,868 [WARN] IP:2114 - I2C_Coeff_DF not found: check if there is a RefParameter without a condition.
2023-12-06 03:48:17,868 [WARN] IP:2114 - Analog_Filter not found: check if there is a RefParameter without a condition.
2023-12-06 03:48:35,894 [INFO] UtilMem:75 - End SaveConfig() Used Memory: 922536144 Bytes (1073741824)
2023-12-06 03:48:35,981 [INFO] UtilMem:75 - End SaveConfig() Used Memory: 940753088 Bytes (1073741824)
2023-12-06 03:48:40,636 [INFO] UtilMem:75 - End SaveConfig() Used Memory: 696987248 Bytes (1073741824)
2023-12-06 03:48:41,261 [INFO] BlockDiagram:2759 - set Specific Code input for plugin: NVIC
2023-12-06 03:48:41,261 [INFO] BlockDiagram:2759 - set Specific Code input for plugin: DMA
2023-12-06 03:48:41,261 [INFO] BlockDiagram:2759 - set Specific Code input for plugin: SYS
2023-12-06 03:48:41,261 [INFO] BlockDiagram:2759 - set Specific Code input for plugin: GPIO
2023-12-06 03:48:41,261 [INFO] BlockDiagram:2759 - set Specific Code input for plugin: RCC
2023-12-06 03:48:41,262 [INFO] BlockDiagram:2759 - set Specific Code input for plugin: I2C
2023-12-06 03:48:41,264 [INFO] CodeGenerator:799 - code generatio: config db path: C:\ST\STM32CubeIDE_1.13.2\STM32CubeIDE\plugins\com.st.stm32cube.common.mx_6.9.2.202309101412\\db\
2023-12-06 03:48:41,273 [WARN] IP:2114 - I2C_Coeff_DF not found: check if there is a RefParameter without a condition.
2023-12-06 03:48:41,273 [WARN] IP:2114 - Analog_Filter not found: check if there is a RefParameter without a condition.
2023-12-06 03:48:41,732 [INFO] CodeEngine:255 - oldGeneratedFile, C:\NelsonLima\Projetos\lib_24C256.git\trunk\CubeIDE\lib_24C256\MXTmpFiles\license.tmp_save
2023-12-06 03:48:42,312 [INFO] CodeEngine:279 - Generated code: C:\NelsonLima\Projetos\lib_24C256.git\trunk\CubeIDE\lib_24C256\MXTmpFiles\license.tmp
2023-12-06 03:48:42,398 [INFO] CodeEngine:255 - oldGeneratedFile, C:\NelsonLima\Projetos\lib_24C256.git\trunk\CubeIDE\lib_24C256\Core\Src\gpio.c_save
2023-12-06 03:48:42,569 [INFO] CodeEngine:279 - Generated code: C:\NelsonLima\Projetos\lib_24C256.git\trunk\CubeIDE\lib_24C256\Core\Src\gpio.c
2023-12-06 03:48:42,595 [INFO] CodeEngine:255 - oldGeneratedFile, C:\NelsonLima\Projetos\lib_24C256.git\trunk\CubeIDE\lib_24C256\Core\Inc\gpio.h_save
2023-12-06 03:48:42,712 [INFO] CodeEngine:279 - Generated code: C:\NelsonLima\Projetos\lib_24C256.git\trunk\CubeIDE\lib_24C256\Core\Inc\gpio.h
2023-12-06 03:48:42,908 [INFO] CodeEngine:255 - oldGeneratedFile, C:\NelsonLima\Projetos\lib_24C256.git\trunk\CubeIDE\lib_24C256\Core\Src\dma.c_save
2023-12-06 03:48:43,013 [INFO] CodeEngine:279 - Generated code: C:\NelsonLima\Projetos\lib_24C256.git\trunk\CubeIDE\lib_24C256\Core\Src\dma.c
2023-12-06 03:48:43,035 [INFO] CodeEngine:255 - oldGeneratedFile, C:\NelsonLima\Projetos\lib_24C256.git\trunk\CubeIDE\lib_24C256\Core\Inc\dma.h_save
2023-12-06 03:48:43,144 [INFO] CodeEngine:279 - Generated code: C:\NelsonLima\Projetos\lib_24C256.git\trunk\CubeIDE\lib_24C256\Core\Inc\dma.h
2023-12-06 03:48:43,185 [INFO] CodeEngine:255 - oldGeneratedFile, C:\NelsonLima\Projetos\lib_24C256.git\trunk\CubeIDE\lib_24C256\Core\Src\i2c.c_save
2023-12-06 03:48:43,361 [INFO] CodeEngine:279 - Generated code: C:\NelsonLima\Projetos\lib_24C256.git\trunk\CubeIDE\lib_24C256\Core\Src\i2c.c
2023-12-06 03:48:43,385 [INFO] CodeEngine:255 - oldGeneratedFile, C:\NelsonLima\Projetos\lib_24C256.git\trunk\CubeIDE\lib_24C256\Core\Inc\i2c.h_save
2023-12-06 03:48:43,484 [INFO] CodeEngine:279 - Generated code: C:\NelsonLima\Projetos\lib_24C256.git\trunk\CubeIDE\lib_24C256\Core\Inc\i2c.h
2023-12-06 03:48:43,518 [INFO] CodeEngine:255 - oldGeneratedFile, C:\NelsonLima\Projetos\lib_24C256.git\trunk\CubeIDE\lib_24C256\Core\Src\stm32f4xx_it.c_save
2023-12-06 03:48:43,648 [INFO] CodeEngine:279 - Generated code: C:\NelsonLima\Projetos\lib_24C256.git\trunk\CubeIDE\lib_24C256\Core\Src\stm32f4xx_it.c
2023-12-06 03:48:43,673 [INFO] CodeEngine:255 - oldGeneratedFile, C:\NelsonLima\Projetos\lib_24C256.git\trunk\CubeIDE\lib_24C256\Core\Inc\stm32f4xx_it.h_save
2023-12-06 03:48:43,769 [INFO] CodeEngine:279 - Generated code: C:\NelsonLima\Projetos\lib_24C256.git\trunk\CubeIDE\lib_24C256\Core\Inc\stm32f4xx_it.h
2023-12-06 03:48:43,802 [INFO] CodeEngine:255 - oldGeneratedFile, C:\NelsonLima\Projetos\lib_24C256.git\trunk\CubeIDE\lib_24C256\Core\Src\stm32f4xx_hal_msp.c_save
2023-12-06 03:48:43,916 [INFO] CodeEngine:279 - Generated code: C:\NelsonLima\Projetos\lib_24C256.git\trunk\CubeIDE\lib_24C256\Core\Src\stm32f4xx_hal_msp.c
2023-12-06 03:48:43,931 [INFO] CodeEngine:255 - oldGeneratedFile, C:\NelsonLima\Projetos\lib_24C256.git\trunk\CubeIDE\lib_24C256\MXTmpFiles\system.tmp_save
2023-12-06 03:48:44,037 [INFO] CodeEngine:279 - Generated code: C:\NelsonLima\Projetos\lib_24C256.git\trunk\CubeIDE\lib_24C256\MXTmpFiles\system.tmp
2023-12-06 03:48:44,062 [INFO] CodeEngine:311 - oldGeneratedFile, C:\NelsonLima\Projetos\lib_24C256.git\trunk\CubeIDE\lib_24C256\Core\Inc\stm32f4xx_hal_conf.h_save
2023-12-06 03:48:44,153 [INFO] CodeEngine:335 - Generated code: C:\NelsonLima\Projetos\lib_24C256.git\trunk\CubeIDE\lib_24C256\Core\Inc\stm32f4xx_hal_conf.h
2023-12-06 03:48:44,256 [INFO] CodeEngine:255 - oldGeneratedFile, C:\NelsonLima\Projetos\lib_24C256.git\trunk\CubeIDE\lib_24C256\Core\Inc\main.h_save
2023-12-06 03:48:44,391 [INFO] CodeEngine:279 - Generated code: C:\NelsonLima\Projetos\lib_24C256.git\trunk\CubeIDE\lib_24C256\Core\Inc\main.h
2023-12-06 03:48:44,417 [INFO] CodeEngine:255 - oldGeneratedFile, C:\NelsonLima\Projetos\lib_24C256.git\trunk\CubeIDE\lib_24C256\Core\Src\main.c_save
2023-12-06 03:48:44,555 [INFO] CodeEngine:279 - Generated code: C:\NelsonLima\Projetos\lib_24C256.git\trunk\CubeIDE\lib_24C256\Core\Src\main.c
2023-12-06 03:48:45,534 [INFO] ProjectBuilder:3064 - Time for Copy HAL[1] : 621mS.
2023-12-06 03:48:45,539 [INFO] ProjectBuilder:4404 - Project Generator version: 4.1.0
2023-12-06 03:48:45,941 [INFO] ConfigFileManager:1457 - The Die is : DIE431
2023-12-06 03:48:45,959 [INFO] ApiDbMcu:507 - Load IP Config File for FATFS
2023-12-06 03:48:45,972 [INFO] ApiDbMcu:507 - Load IP Config File for FREERTOS
2023-12-06 03:48:45,982 [INFO] ApiDbMcu:507 - Load IP Config File for LIBJPEG
2023-12-06 03:48:46,001 [INFO] ApiDbMcu:507 - Load IP Config File for MBEDTLS
2023-12-06 03:48:46,023 [INFO] ApiDbMcu:507 - Load IP Config File for USB_DEVICE
2023-12-06 03:48:46,041 [INFO] ApiDbMcu:507 - Load IP Config File for USB_HOST
2023-12-06 03:48:47,247 [INFO] LogOutputStream:77 - [STDOUT_REDIRECT] 
2023-12-06 03:48:49,229 [INFO] ProjectBuilder:4626 - Time for Generating toolchain IDE Files: 3690mS.
2023-12-06 03:48:49,230 [INFO] ProjectBuilder:2935 - Time for Copy CMSIS : 0mS.
2023-12-06 03:48:49,234 [INFO] ProjectBuilder:2935 - Time for Copy CMSIS : 0mS.
