2023-11-13 00:56:50,057 [INFO] MainUpdater:2868 - connection check result : 10
2023-11-13 00:56:50,070 [INFO] MainUpdater:2868 - connection check result : 10
2023-11-13 00:56:50,080 [INFO] MicroXplorer:468 - Change Database Path : 
2023-11-13 00:56:50,081 [INFO] MicroXplorer:498 - Change Database Version : DB.6.0.92
2023-11-13 00:56:50,110 [WARN] ThirdParty:871 - waiting for thirdparty lock release [close project]
2023-11-13 00:56:50,110 [INFO] ThirdParty:873 - entering critical section [close project]
2023-11-13 00:56:50,110 [INFO] ThirdParty:883 - exiting critical section [close project]
2023-11-13 00:56:50,112 [INFO] PinOutPanel:1499 - setPackage(No Configuration,No Configuration)
2023-11-13 00:56:50,118 [WARN] IpParametersView:151 - Warning: This peripheral hasn't parameters
2023-11-13 00:56:50,120 [WARN] MainPanel:272 - <html><b><center>Warning: This peripheral has no parameters to be configured<br></b></html>
2023-11-13 00:56:50,122 [INFO] UtilMem:75 - Begin LoadConfig() Used Memory: 512763224 Bytes (1073741824)
2023-11-13 00:56:50,124 [INFO] MicroXplorer:468 - Change Database Path : 
2023-11-13 00:56:50,124 [INFO] MicroXplorer:498 - Change Database Version : DB.6.0.92
2023-11-13 00:56:50,124 [INFO] OpenFileManager:308 - Change cursor
2023-11-13 00:56:50,141 [INFO] RulesReader:64 - Compatibility file has been processed (293 Rules)
2023-11-13 00:56:50,144 [INFO] Mcu:1946 - Initializing MCU STM32F411C(C-E)Ux STM32F411CEUx STM32F411CEU6
2023-11-13 00:56:50,840 [INFO] Context:659 - Trying to add GPIOservice into a context  which must be forbidden
2023-11-13 00:56:51,117 [INFO] RtosManager:555 - Registered RTOS mode: class=CMSIS, group=RTOS, mode=CMSIS_V1, owner=FREERTOS
2023-11-13 00:56:51,117 [INFO] RtosManager:555 - Registered RTOS mode: class=CMSIS, group=RTOS2, mode=CMSIS_V2, owner=FREERTOS
2023-11-13 00:56:51,117 [INFO] RtosManager:555 - Registered RTOS mode: class=RTOS, group=Core, mode=CMSIS_V1, owner=FREERTOS
2023-11-13 00:56:51,117 [INFO] RtosManager:555 - Registered RTOS mode: class=RTOS, group=Core, mode=CMSIS_V2, owner=FREERTOS
2023-11-13 00:56:51,117 [WARN] ModelIntegratedComponent:184 - Missing modes for component STMicroelectronics:FreeRTOS:0.0.1:STMicroelectronics:RTOS:FreeRTOS:Core:::10.2.0:
2023-11-13 00:56:51,125 [WARN] ModelIntegratedComponent:63 - No mode defined for component null
2023-11-13 00:56:51,126 [WARN] ModelIntegratedComponent:63 - No mode defined for component null
2023-11-13 00:56:51,126 [WARN] ModelIntegratedComponent:63 - No mode defined for component null
2023-11-13 00:56:51,126 [WARN] ModelIntegratedComponent:63 - No mode defined for component null
2023-11-13 00:56:51,126 [WARN] ModelIntegratedComponent:63 - No mode defined for component null
2023-11-13 00:56:51,126 [WARN] ModelIntegratedComponent:63 - No mode defined for component null
2023-11-13 00:56:51,126 [WARN] ModelIntegratedComponent:63 - No mode defined for component null
2023-11-13 00:56:51,126 [WARN] ModelIntegratedComponent:63 - No mode defined for component null
2023-11-13 00:56:51,126 [WARN] ModelIntegratedComponent:63 - No mode defined for component null
2023-11-13 00:56:51,126 [WARN] ModelIntegratedComponent:63 - No mode defined for component null
2023-11-13 00:56:51,126 [WARN] ModelIntegratedComponent:63 - No mode defined for component null
2023-11-13 00:56:51,126 [WARN] ModelIntegratedComponent:63 - No mode defined for component null
2023-11-13 00:56:51,126 [WARN] ModelIntegratedComponent:63 - No mode defined for component null
2023-11-13 00:56:51,126 [WARN] ModelIntegratedComponent:63 - No mode defined for component null
2023-11-13 00:56:51,126 [WARN] ModelIntegratedComponent:63 - No mode defined for component null
2023-11-13 00:56:51,126 [WARN] ModelIntegratedComponent:63 - No mode defined for component null
2023-11-13 00:56:51,126 [WARN] ModelIntegratedComponent:63 - No mode defined for component null
2023-11-13 00:56:51,126 [WARN] ModelIntegratedComponent:63 - No mode defined for component null
2023-11-13 00:56:51,126 [WARN] ModelIntegratedComponent:63 - No mode defined for component null
2023-11-13 00:56:51,126 [WARN] ModelIntegratedComponent:63 - No mode defined for component null
2023-11-13 00:56:51,126 [WARN] ModelIntegratedComponent:63 - No mode defined for component null
2023-11-13 00:56:51,126 [WARN] ModelIntegratedComponent:63 - No mode defined for component null
2023-11-13 00:56:51,126 [WARN] ModelIntegratedComponent:63 - No mode defined for component null
2023-11-13 00:56:51,126 [WARN] ModelIntegratedComponent:63 - No mode defined for component null
2023-11-13 00:56:51,126 [WARN] ModelIntegratedComponent:63 - No mode defined for component null
2023-11-13 00:56:51,126 [WARN] ModelIntegratedComponent:63 - No mode defined for component null
2023-11-13 00:56:51,126 [WARN] ModelIntegratedComponent:63 - No mode defined for component null
2023-11-13 00:56:51,126 [WARN] ModelIntegratedComponent:63 - No mode defined for component null
2023-11-13 00:56:51,126 [WARN] ModelIntegratedComponent:63 - No mode defined for component null
2023-11-13 00:56:51,127 [WARN] ModelIntegratedComponent:63 - No mode defined for component null
2023-11-13 00:56:51,127 [WARN] ModelIntegratedComponent:63 - No mode defined for component null
2023-11-13 00:56:51,127 [WARN] ModelIntegratedComponent:63 - No mode defined for component null
2023-11-13 00:56:51,127 [WARN] ModelIntegratedComponent:63 - No mode defined for component null
2023-11-13 00:56:51,258 [WARN] ModelIntegratedComponent:182 - Modes not found for component STMicroelectronics:USB_DEVICE:1.0.0:STMicroelectronics:USB::USB Device:Audio HS::1.0:USB_DEVICE_1_0_RESTRICTED_HS
2023-11-13 00:56:51,258 [WARN] ModelIntegratedComponent:188 - Modes not found for component STMicroelectronics:USB_DEVICE:1.0.0:STMicroelectronics:USB::USB Device:Audio HS::1.0:USB_DEVICE_1_0_RESTRICTED_HS
2023-11-13 00:56:51,258 [WARN] ModelIntegratedComponent:182 - Modes not found for component STMicroelectronics:USB_DEVICE:1.0.0:STMicroelectronics:USB::USB Device:CDC HS::1.0:USB_DEVICE_1_0_RESTRICTED_HS
2023-11-13 00:56:51,258 [WARN] ModelIntegratedComponent:188 - Modes not found for component STMicroelectronics:USB_DEVICE:1.0.0:STMicroelectronics:USB::USB Device:CDC HS::1.0:USB_DEVICE_1_0_RESTRICTED_HS
2023-11-13 00:56:51,258 [WARN] ModelIntegratedComponent:182 - Modes not found for component STMicroelectronics:USB_DEVICE:1.0.0:STMicroelectronics:USB::USB Device:DFU HS::1.0:USB_DEVICE_1_0_RESTRICTED_HS
2023-11-13 00:56:51,258 [WARN] ModelIntegratedComponent:188 - Modes not found for component STMicroelectronics:USB_DEVICE:1.0.0:STMicroelectronics:USB::USB Device:DFU HS::1.0:USB_DEVICE_1_0_RESTRICTED_HS
2023-11-13 00:56:51,259 [WARN] ModelIntegratedComponent:182 - Modes not found for component STMicroelectronics:USB_DEVICE:1.0.0:STMicroelectronics:USB::USB Device:HID HS::1.0:USB_DEVICE_1_0_RESTRICTED_HS
2023-11-13 00:56:51,259 [WARN] ModelIntegratedComponent:188 - Modes not found for component STMicroelectronics:USB_DEVICE:1.0.0:STMicroelectronics:USB::USB Device:HID HS::1.0:USB_DEVICE_1_0_RESTRICTED_HS
2023-11-13 00:56:51,259 [WARN] ModelIntegratedComponent:182 - Modes not found for component STMicroelectronics:USB_DEVICE:1.0.0:STMicroelectronics:USB::USB Device:Custom HID HS::1.0:USB_DEVICE_1_0_RESTRICTED_HS
2023-11-13 00:56:51,259 [WARN] ModelIntegratedComponent:188 - Modes not found for component STMicroelectronics:USB_DEVICE:1.0.0:STMicroelectronics:USB::USB Device:Custom HID HS::1.0:USB_DEVICE_1_0_RESTRICTED_HS
2023-11-13 00:56:51,259 [WARN] ModelIntegratedComponent:182 - Modes not found for component STMicroelectronics:USB_DEVICE:1.0.0:STMicroelectronics:USB::USB Device:MSC HS::1.0:USB_DEVICE_1_0_RESTRICTED_HS
2023-11-13 00:56:51,259 [WARN] ModelIntegratedComponent:188 - Modes not found for component STMicroelectronics:USB_DEVICE:1.0.0:STMicroelectronics:USB::USB Device:MSC HS::1.0:USB_DEVICE_1_0_RESTRICTED_HS
2023-11-13 00:56:51,439 [WARN] ModelIntegratedComponent:182 - Modes not found for component STMicroelectronics:USB_HOST:1.0.0:STMicroelectronics:USB::USB Host:Audio HS::1.0:USB_HOST_1_0_RESTRICTED_HS
2023-11-13 00:56:51,439 [WARN] ModelIntegratedComponent:188 - Modes not found for component STMicroelectronics:USB_HOST:1.0.0:STMicroelectronics:USB::USB Host:Audio HS::1.0:USB_HOST_1_0_RESTRICTED_HS
2023-11-13 00:56:51,439 [WARN] ModelIntegratedComponent:182 - Modes not found for component STMicroelectronics:USB_HOST:1.0.0:STMicroelectronics:USB::USB Host:CDC HS::1.0:USB_HOST_1_0_RESTRICTED_HS
2023-11-13 00:56:51,439 [WARN] ModelIntegratedComponent:188 - Modes not found for component STMicroelectronics:USB_HOST:1.0.0:STMicroelectronics:USB::USB Host:CDC HS::1.0:USB_HOST_1_0_RESTRICTED_HS
2023-11-13 00:56:51,439 [WARN] ModelIntegratedComponent:182 - Modes not found for component STMicroelectronics:USB_HOST:1.0.0:STMicroelectronics:USB::USB Host:MSC HS::1.0:USB_HOST_1_0_RESTRICTED_HS
2023-11-13 00:56:51,439 [WARN] ModelIntegratedComponent:188 - Modes not found for component STMicroelectronics:USB_HOST:1.0.0:STMicroelectronics:USB::USB Host:MSC HS::1.0:USB_HOST_1_0_RESTRICTED_HS
2023-11-13 00:56:51,440 [WARN] ModelIntegratedComponent:182 - Modes not found for component STMicroelectronics:USB_HOST:1.0.0:STMicroelectronics:USB::USB Host:HID HS::1.0:USB_HOST_1_0_RESTRICTED_HS
2023-11-13 00:56:51,440 [WARN] ModelIntegratedComponent:188 - Modes not found for component STMicroelectronics:USB_HOST:1.0.0:STMicroelectronics:USB::USB Host:HID HS::1.0:USB_HOST_1_0_RESTRICTED_HS
2023-11-13 00:56:51,440 [WARN] ModelIntegratedComponent:182 - Modes not found for component STMicroelectronics:USB_HOST:1.0.0:STMicroelectronics:USB::USB Host:MTP HS::1.0:USB_HOST_1_0_RESTRICTED_HS
2023-11-13 00:56:51,440 [WARN] ModelIntegratedComponent:188 - Modes not found for component STMicroelectronics:USB_HOST:1.0.0:STMicroelectronics:USB::USB Host:MTP HS::1.0:USB_HOST_1_0_RESTRICTED_HS
2023-11-13 00:56:51,658 [INFO] ThirdPartyModel:298 - Start build external matchings
2023-11-13 00:56:58,103 [INFO] ThirdPartyModel:316 - End build external matchings
2023-11-13 00:56:58,229 [INFO] ImportTextPane:194 - (OptionalMessage_ERROR) IP (RCC) : Parameter (48MHZClocksFreq_Value) has invalid value (75000000)
2023-11-13 00:56:58,229 [INFO] ImportTextPane:194 - (OptionalMessage_ERROR) IP (RCC) : Parameter (RTCHSEDivFreq_Value) has invalid value (12500000)
2023-11-13 00:56:58,460 [INFO] UtilMem:75 - End LoadConfig() Used Memory: 414168320 Bytes (1073741824)
2023-11-13 00:56:58,469 [WARN] ThirdParty:833 - waiting for thirdparty lock release [change project]
2023-11-13 00:56:58,469 [INFO] ThirdParty:835 - entering critical section [change project]
2023-11-13 00:56:58,469 [INFO] ThirdParty:1030 - CMSIS Pack Vendor :STMicroelectronics USBPD 4.1
2023-11-13 00:56:58,469 [INFO] ThirdParty:1030 - CMSIS Pack Vendor :STMicroelectronics X-CUBE-GNSS1 6.0.0
2023-11-13 00:56:58,469 [INFO] ThirdParty:1030 - CMSIS Pack Vendor :STMicroelectronics USB_HOST 2.0.0
2023-11-13 00:56:58,469 [INFO] ThirdParty:1030 - CMSIS Pack Vendor :STMicroelectronics X-CUBE-AZRTOS-F4 1.1.0
2023-11-13 00:56:58,469 [INFO] ThirdParty:1030 - CMSIS Pack Vendor :STMicroelectronics LIBJPEG 8.0.0
2023-11-13 00:56:58,469 [INFO] ThirdParty:1030 - CMSIS Pack Vendor :STMicroelectronics X-CUBE-SMBUS 2.1.0
2023-11-13 00:56:58,469 [INFO] ThirdParty:1030 - CMSIS Pack Vendor :STMicroelectronics X-CUBE-SFXS2LP1 2.0.0
2023-11-13 00:56:58,469 [INFO] ThirdParty:1030 - CMSIS Pack Vendor :STMicroelectronics X-CUBE-SUBG2 4.1.0
2023-11-13 00:56:58,469 [INFO] ThirdParty:1030 - CMSIS Pack Vendor :STMicroelectronics X-CUBE-MEMS1 9.2.0
2023-11-13 00:56:58,469 [INFO] ThirdParty:1030 - CMSIS Pack Vendor :STMicroelectronics X-CUBE-BLEMGR 1.2.0
2023-11-13 00:56:58,469 [INFO] ThirdParty:1030 - CMSIS Pack Vendor :STMicroelectronics X-CUBE-AZRTOS-H7 1.1.0
2023-11-13 00:56:58,469 [INFO] ThirdParty:1030 - CMSIS Pack Vendor :STMicroelectronics X-CUBE-AZRTOS-F7 1.1.0
2023-11-13 00:56:58,469 [INFO] ThirdParty:1030 - CMSIS Pack Vendor :STMicroelectronics X-CUBE-AZRTOS-L5 2.0.0
2023-11-13 00:56:58,469 [INFO] ThirdParty:1030 - CMSIS Pack Vendor :STMicroelectronics USB_DEVICE 2.0.0
2023-11-13 00:56:58,469 [INFO] ThirdParty:1030 - CMSIS Pack Vendor :STMicroelectronics X-CUBE-MEMS1 9.6.0
2023-11-13 00:56:58,469 [INFO] ThirdParty:1030 - CMSIS Pack Vendor :STMicroelectronics X-CUBE-EEPRMA1 4.2.0
2023-11-13 00:56:58,469 [INFO] ThirdParty:1030 - CMSIS Pack Vendor :ITTIA_DB I-CUBE-ITTIADB 8.8.0
2023-11-13 00:56:58,469 [INFO] ThirdParty:1030 - CMSIS Pack Vendor :STMicroelectronics X-CUBE-AI 7.1.0
2023-11-13 00:56:58,469 [INFO] ThirdParty:1030 - CMSIS Pack Vendor :STMicroelectronics X-CUBE-TOUCHGFX 4.19.1
2023-11-13 00:56:58,469 [INFO] ThirdParty:1030 - CMSIS Pack Vendor :STMicroelectronics FP-SNS-MOTENV1 4.3.2
2023-11-13 00:56:58,469 [INFO] ThirdParty:1030 - CMSIS Pack Vendor :STMicroelectronics FP-SNS-MOTENV1 4.3.1
2023-11-13 00:56:58,469 [INFO] ThirdParty:1030 - CMSIS Pack Vendor :STMicroelectronics FP-SNS-FLIGHT1 5.0.1
2023-11-13 00:56:58,469 [INFO] ThirdParty:1030 - CMSIS Pack Vendor :STMicroelectronics X-CUBE-BLE1 6.2.3
2023-11-13 00:56:58,469 [INFO] ThirdParty:1030 - CMSIS Pack Vendor :STMicroelectronics X-CUBE-EEPRMA1 3.0.0
2023-11-13 00:56:58,469 [INFO] ThirdParty:1030 - CMSIS Pack Vendor :STMicroelectronics X-CUBE-BLE1 6.2.4
2023-11-13 00:56:58,469 [INFO] ThirdParty:1030 - CMSIS Pack Vendor :STMicroelectronics FreeRTOS 0.0.1
2023-11-13 00:56:58,470 [INFO] ThirdParty:1030 - CMSIS Pack Vendor :STMicroelectronics X-CUBE-BLEMGR 2.0.0
2023-11-13 00:56:58,470 [INFO] ThirdParty:1030 - CMSIS Pack Vendor :STMicroelectronics X-CUBE-ALGOBUILD 1.1.0
2023-11-13 00:56:58,470 [INFO] ThirdParty:1030 - CMSIS Pack Vendor :STMicroelectronics X-CUBE-BLE1 6.2.0
2023-11-13 00:56:58,470 [INFO] ThirdParty:1030 - CMSIS Pack Vendor :STMicroelectronics X-CUBE-BLE1 6.2.1
2023-11-13 00:56:58,470 [INFO] ThirdParty:1030 - CMSIS Pack Vendor :STMicroelectronics X-CUBE-BLE1 6.2.2
2023-11-13 00:56:58,470 [INFO] ThirdParty:1030 - CMSIS Pack Vendor :STMicroelectronics X-CUBE-BLE2 3.2.1
2023-11-13 00:56:58,470 [INFO] ThirdParty:1030 - CMSIS Pack Vendor :STMicroelectronics FP-SNS-FLIGHT1 5.0.2
2023-11-13 00:56:58,470 [INFO] ThirdParty:1030 - CMSIS Pack Vendor :STMicroelectronics X-CUBE-NFC4 2.0.5
2023-11-13 00:56:58,470 [INFO] ThirdParty:1030 - CMSIS Pack Vendor :STMicroelectronics X-CUBE-BLE2 3.2.2
2023-11-13 00:56:58,470 [INFO] ThirdParty:1030 - CMSIS Pack Vendor :STMicroelectronics X-CUBE-NFC4 2.0.4
2023-11-13 00:56:58,470 [INFO] ThirdParty:1030 - CMSIS Pack Vendor :STMicroelectronics X-CUBE-TOUCHGFX 4.15.0
2023-11-13 00:56:58,470 [INFO] ThirdParty:1030 - CMSIS Pack Vendor :STMicroelectronics X-CUBE-NFC4 2.0.3
2023-11-13 00:56:58,470 [INFO] ThirdParty:1030 - CMSIS Pack Vendor :STMicroelectronics X-CUBE-NFC4 2.0.2
2023-11-13 00:56:58,470 [INFO] ThirdParty:1030 - CMSIS Pack Vendor :STMicroelectronics X-CUBE-NFC4 2.0.1
2023-11-13 00:56:58,470 [INFO] ThirdParty:1030 - CMSIS Pack Vendor :STMicroelectronics X-CUBE-AZRTOS-H7 3.1.0
2023-11-13 00:56:58,470 [INFO] ThirdParty:1030 - CMSIS Pack Vendor :STMicroelectronics X-CUBE-TOUCHGFX 4.19.0
2023-11-13 00:56:58,470 [INFO] ThirdParty:1030 - CMSIS Pack Vendor :STMicroelectronics PDM2PCM 3.3.0
2023-11-13 00:56:58,470 [INFO] ThirdParty:1030 - CMSIS Pack Vendor :STMicroelectronics X-CUBE-TOF1 3.1.0
2023-11-13 00:56:58,470 [INFO] ThirdParty:1030 - CMSIS Pack Vendor :STMicroelectronics X-CUBE-BLE2 3.2.0
2023-11-13 00:56:58,470 [INFO] ThirdParty:1030 - CMSIS Pack Vendor :STMicroelectronics X-CUBE-SFXS2LP1 3.1.0
2023-11-13 00:56:58,470 [INFO] ThirdParty:1030 - CMSIS Pack Vendor :STMicroelectronics X-CUBE-DISPLAY 3.0.0
2023-11-13 00:56:58,470 [INFO] ThirdParty:1030 - CMSIS Pack Vendor :STMicroelectronics X-CUBE-AZRTOS-F4 1.0.0
2023-11-13 00:56:58,470 [INFO] ThirdParty:1030 - CMSIS Pack Vendor :STMicroelectronics X-CUBE-BLE1 7.0.0
2023-11-13 00:56:58,470 [INFO] ThirdParty:1030 - CMSIS Pack Vendor :STMicroelectronics X-CUBE-SUBG2 3.0.1
2023-11-13 00:56:58,470 [INFO] ThirdParty:1030 - CMSIS Pack Vendor :STMicroelectronics X-CUBE-SUBG2 3.0.0
2023-11-13 00:56:58,470 [INFO] ThirdParty:1030 - CMSIS Pack Vendor :STMicroelectronics X-CUBE-TOF1 2.0.0
2023-11-13 00:56:58,470 [INFO] ThirdParty:1030 - CMSIS Pack Vendor :STMicroelectronics HAL Drivers 0.0.0
2023-11-13 00:56:58,471 [INFO] ThirdParty:1030 - CMSIS Pack Vendor :STMicroelectronics X-CUBE-TOUCHGFX 4.22.0
2023-11-13 00:56:58,471 [INFO] ThirdParty:1030 - CMSIS Pack Vendor :STMicroelectronics X-CUBE-NFC7 1.0.1
2023-11-13 00:56:58,471 [INFO] ThirdParty:1030 - CMSIS Pack Vendor :STMicroelectronics MBEDTLS 2.14.1
2023-11-13 00:56:58,471 [INFO] ThirdParty:1030 - CMSIS Pack Vendor :STMicroelectronics X-CUBE-NFC7 1.0.0
2023-11-13 00:56:58,471 [INFO] ThirdParty:1030 - CMSIS Pack Vendor :STMicroelectronics X-CUBE-TOUCHGFX 4.22.1
2023-11-13 00:56:58,471 [INFO] ThirdParty:1030 - CMSIS Pack Vendor :STMicroelectronics X-CUBE-SUBG2 4.2.0
2023-11-13 00:56:58,471 [INFO] ThirdParty:1030 - CMSIS Pack Vendor :STMicroelectronics X-CUBE-AZRTOS-H7 1.0.0
2023-11-13 00:56:58,471 [INFO] ThirdParty:1030 - CMSIS Pack Vendor :STMicroelectronics X-CUBE-NFC6 3.0.0
2023-11-13 00:56:58,471 [INFO] ThirdParty:1030 - CMSIS Pack Vendor :STMicroelectronics X-CUBE-MEMS1 9.3.0
2023-11-13 00:56:58,471 [INFO] ThirdParty:1030 - CMSIS Pack Vendor :STMicroelectronics X-CUBE-EEPRMA1 4.1.0
2023-11-13 00:56:58,471 [INFO] ThirdParty:1030 - CMSIS Pack Vendor :STMicroelectronics X-CUBE-AI 7.2.0
2023-11-13 00:56:58,471 [INFO] ThirdParty:1030 - CMSIS Pack Vendor :STMicroelectronics FP-SNS-SMARTAG2 1.2.0
2023-11-13 00:56:58,471 [INFO] ThirdParty:1030 - CMSIS Pack Vendor :STMicroelectronics X-CUBE-AZRTOS-WL 2.0.0
2023-11-13 00:56:58,471 [INFO] ThirdParty:1030 - CMSIS Pack Vendor :STMicroelectronics X-CUBE-ALGOBUILD 1.2.1
2023-11-13 00:56:58,471 [INFO] ThirdParty:1030 - CMSIS Pack Vendor :STMicroelectronics X-CUBE-DISPLAY 1.0.0
2023-11-13 00:56:58,471 [INFO] ThirdParty:1030 - CMSIS Pack Vendor :STMicroelectronics USB_DEVICE 1.0.0
2023-11-13 00:56:58,471 [INFO] ThirdParty:1030 - CMSIS Pack Vendor :STMicroelectronics X-CUBE-AI 8.1.0
2023-11-13 00:56:58,471 [INFO] ThirdParty:1030 - CMSIS Pack Vendor :STMicroelectronics X-CUBE-AI 6.0.0
2023-11-13 00:56:58,471 [INFO] ThirdParty:1030 - CMSIS Pack Vendor :STMicroelectronics X-CUBE-ALGOBUILD 1.2.0
2023-11-13 00:56:58,471 [INFO] ThirdParty:1030 - CMSIS Pack Vendor :STMicroelectronics X-CUBE-AZRTOS-G0 1.0.0
2023-11-13 00:56:58,471 [INFO] ThirdParty:1030 - CMSIS Pack Vendor :STMicroelectronics X-CUBE-AZRTOS-L4 2.0.0
2023-11-13 00:56:58,471 [INFO] ThirdParty:1030 - CMSIS Pack Vendor :STMicroelectronics ThreadX 0.0.2
2023-11-13 00:56:58,471 [INFO] ThirdParty:1030 - CMSIS Pack Vendor :WES I-CUBE-Cesium 1.3.0
2023-11-13 00:56:58,471 [INFO] ThirdParty:1030 - CMSIS Pack Vendor :STMicroelectronics X-CUBE-BLE1 6.1.0
2023-11-13 00:56:58,471 [INFO] ThirdParty:1030 - CMSIS Pack Vendor :STMicroelectronics lwIP 2.1.2
2023-11-13 00:56:58,471 [INFO] ThirdParty:1030 - CMSIS Pack Vendor :STMicroelectronics X-CUBE-SFXS2LP1 4.0.0
2023-11-13 00:56:58,471 [INFO] ThirdParty:1030 - CMSIS Pack Vendor :STMicroelectronics X-CUBE-BLE2 3.3.0
2023-11-13 00:56:58,471 [INFO] ThirdParty:1030 - CMSIS Pack Vendor :STMicroelectronics X-CUBE-DISPLAY 2.2.0
2023-11-13 00:56:58,471 [INFO] ThirdParty:1030 - CMSIS Pack Vendor :STMicroelectronics X-CUBE-TOF1 3.2.0
2023-11-13 00:56:58,471 [INFO] ThirdParty:1030 - CMSIS Pack Vendor :wolfSSL I-CUBE-wolfSSL 4.7.0
2023-11-13 00:56:58,471 [INFO] ThirdParty:1030 - CMSIS Pack Vendor :STMicroelectronics X-CUBE-AI 5.2.0
2023-11-13 00:56:58,471 [INFO] ThirdParty:1030 - CMSIS Pack Vendor :STMicroelectronics PDM2PCM 3.2.0
2023-11-13 00:56:58,471 [INFO] ThirdParty:1030 - CMSIS Pack Vendor :STMicroelectronics X-CUBE-TOUCHGFX 4.18.1
2023-11-13 00:56:58,471 [INFO] ThirdParty:1030 - CMSIS Pack Vendor :STMicroelectronics X-CUBE-AZRTOS-H7 3.0.0
2023-11-13 00:56:58,471 [INFO] ThirdParty:1030 - CMSIS Pack Vendor :STMicroelectronics X-CUBE-TOUCHGFX 4.18.0
2023-11-13 00:56:58,471 [INFO] ThirdParty:1030 - CMSIS Pack Vendor :STMicroelectronics X-CUBE-ISPU 1.1.0
2023-11-13 00:56:58,472 [INFO] ThirdParty:1030 - CMSIS Pack Vendor :RoweBots I-CUBE-UNISONRTOS 5.5.0-4
2023-11-13 00:56:58,472 [INFO] ThirdParty:1030 - CMSIS Pack Vendor :STMicroelectronics X-CUBE-SFXS2LP1 3.0.0
2023-11-13 00:56:58,472 [INFO] ThirdParty:1030 - CMSIS Pack Vendor :STMicroelectronics X-CUBE-AZRTOS-H7 2.1.0
2023-11-13 00:56:58,472 [INFO] ThirdParty:1030 - CMSIS Pack Vendor :STMicroelectronics USB_DEVICE 3.0.0
2023-11-13 00:56:58,472 [INFO] ThirdParty:1030 - CMSIS Pack Vendor :STMicroelectronics X-CUBE-AI 8.0.0
2023-11-13 00:56:58,472 [INFO] ThirdParty:1030 - CMSIS Pack Vendor :STMicroelectronics X-CUBE-AZRTOS-WB 2.0.0
2023-11-13 00:56:58,472 [INFO] ThirdParty:1030 - CMSIS Pack Vendor :STMicroelectronics X-CUBE-FREERTOS 1.0.0
2023-11-13 00:56:58,472 [INFO] ThirdParty:1030 - CMSIS Pack Vendor :STMicroelectronics X-CUBE-FREERTOS 1.0.1
2023-11-13 00:56:58,472 [INFO] ThirdParty:1030 - CMSIS Pack Vendor :STMicroelectronics X-CUBE-TOUCHGFX 4.21.3
2023-11-13 00:56:58,472 [INFO] ThirdParty:1030 - CMSIS Pack Vendor :STMicroelectronics X-CUBE-BLEMGR 1.0.0
2023-11-13 00:56:58,472 [INFO] ThirdParty:1030 - CMSIS Pack Vendor :STMicroelectronics X-CUBE-MEMS1 9.0.0
2023-11-13 00:56:58,472 [INFO] ThirdParty:1030 - CMSIS Pack Vendor :STMicroelectronics X-CUBE-TOUCHGFX 4.21.4
2023-11-13 00:56:58,472 [INFO] ThirdParty:1030 - CMSIS Pack Vendor :STMicroelectronics X-CUBE-MEMS1 9.4.0
2023-11-13 00:56:58,472 [INFO] ThirdParty:1030 - CMSIS Pack Vendor :STMicroelectronics X-CUBE-AI 7.3.0
2023-11-13 00:56:58,472 [INFO] ThirdParty:1030 - CMSIS Pack Vendor :STMicroelectronics X-CUBE-ALGOBUILD 1.3.0
2023-11-13 00:56:58,472 [INFO] ThirdParty:1030 - CMSIS Pack Vendor :STMicroelectronics X-CUBE-MEMS1 8.2.0
2023-11-13 00:56:58,472 [INFO] ThirdParty:1030 - CMSIS Pack Vendor :STMicroelectronics X-CUBE-AZRTOS-L5 1.1.0
2023-11-13 00:56:58,472 [INFO] ThirdParty:1030 - CMSIS Pack Vendor :STMicroelectronics X-CUBE-AZRTOS-G0 1.1.0
2023-11-13 00:56:58,472 [INFO] ThirdParty:1030 - CMSIS Pack Vendor :STMicroelectronics X-CUBE-AI 8.0.1
2023-11-13 00:56:58,472 [INFO] ThirdParty:1030 - CMSIS Pack Vendor :STMicroelectronics X-CUBE-NFC4 3.0.0
2023-11-13 00:56:58,472 [INFO] ThirdParty:1030 - CMSIS Pack Vendor :SEGGER I-CUBE-embOS 1.2.0
2023-11-13 00:56:58,472 [INFO] ThirdParty:1030 - CMSIS Pack Vendor :STMicroelectronics X-CUBE-SUBG2 5.0.0
2023-11-13 00:56:58,472 [INFO] ThirdParty:1030 - CMSIS Pack Vendor :STMicroelectronics STM32_WPAN 1.0.0
2023-11-13 00:56:58,472 [INFO] ThirdParty:1030 - CMSIS Pack Vendor :STMicroelectronics X-CUBE-GNSS1 5.1.0
2023-11-13 00:56:58,472 [INFO] ThirdParty:1030 - CMSIS Pack Vendor :STMicroelectronics lwIP 2.0.3
2023-11-13 00:56:58,472 [INFO] ThirdParty:1030 - CMSIS Pack Vendor :STMicroelectronics USB_HOST 1.0.0
2023-11-13 00:56:58,472 [INFO] ThirdParty:1030 - CMSIS Pack Vendor :STMicroelectronics X-CUBE-DISPLAY 2.1.0
2023-11-13 00:56:58,472 [INFO] ThirdParty:1030 - CMSIS Pack Vendor :STMicroelectronics X-CUBE-TOF1 3.3.1
2023-11-13 00:56:58,472 [INFO] ThirdParty:1030 - CMSIS Pack Vendor :STMicroelectronics X-CUBE-AZRTOS-G4 2.0.0
2023-11-13 00:56:58,472 [INFO] ThirdParty:1030 - CMSIS Pack Vendor :STMicroelectronics X-CUBE-TOUCHGFX 4.17.0
2023-11-13 00:56:58,472 [INFO] ThirdParty:1030 - CMSIS Pack Vendor :STMicroelectronics PDM2PCM 3.1.0
2023-11-13 00:56:58,472 [INFO] ThirdParty:1030 - CMSIS Pack Vendor :STMicroelectronics X-CUBE-TOF1 3.3.0
2023-11-13 00:56:58,472 [INFO] ThirdParty:1030 - CMSIS Pack Vendor :STMicroelectronics FP-ATR-ASTRA1 1.1.1
2023-11-13 00:56:58,472 [INFO] ThirdParty:1030 - CMSIS Pack Vendor :Infineon AIROC-Wi-Fi-Bluetooth-STM32 1.5.1
2023-11-13 00:56:58,472 [INFO] ThirdParty:1030 - CMSIS Pack Vendor :STMicroelectronics X-CUBE-BLEMGR 3.0.0
2023-11-13 00:56:58,472 [INFO] ThirdParty:1030 - CMSIS Pack Vendor :STMicroelectronics FP-ATR-ASTRA1 1.1.0
2023-11-13 00:56:58,472 [INFO] ThirdParty:1030 - CMSIS Pack Vendor :STMicroelectronics X-CUBE-BLEMGR 1.3.0
2023-11-13 00:56:58,472 [INFO] ThirdParty:1030 - CMSIS Pack Vendor :STMicroelectronics FP-SNS-MOTENVWB1 1.3.0
2023-11-13 00:56:58,472 [INFO] ThirdParty:1030 - CMSIS Pack Vendor :STMicroelectronics X-CUBE-AZRTOS-H7 2.0.0
2023-11-13 00:56:58,472 [INFO] ThirdParty:1030 - CMSIS Pack Vendor :STMicroelectronics FP-ATR-SIGFOX1 3.2.0
2023-11-13 00:56:58,472 [INFO] ThirdParty:1030 - CMSIS Pack Vendor :STMicroelectronics X-CUBE-AZRTOS-G4 1.0.0
2023-11-13 00:56:58,472 [INFO] ThirdParty:1030 - CMSIS Pack Vendor :STMicroelectronics X-CUBE-AZRTOS-L4 1.0.0
2023-11-13 00:56:58,473 [INFO] ThirdParty:1030 - CMSIS Pack Vendor :STMicroelectronics MBEDTLS 2.16.2
2023-11-13 00:56:58,473 [INFO] ThirdParty:1030 - CMSIS Pack Vendor :emotas I-CUBE-CANOPEN 1.1.2
2023-11-13 00:56:58,473 [INFO] ThirdParty:1030 - CMSIS Pack Vendor :STMicroelectronics X-CUBE-TOUCHGFX 4.20.0
2023-11-13 00:56:58,473 [INFO] ThirdParty:1030 - CMSIS Pack Vendor :STMicroelectronics X-CUBE-MEMS1 10.0.0
2023-11-13 00:56:58,473 [INFO] ThirdParty:1030 - CMSIS Pack Vendor :STMicroelectronics X-CUBE-FREERTOS 1.1.0
2023-11-13 00:56:58,473 [INFO] ThirdParty:1030 - CMSIS Pack Vendor :STMicroelectronics X-CUBE-AZRTOS-F7 1.0.0
2023-11-13 00:56:58,473 [INFO] ThirdParty:1030 - CMSIS Pack Vendor :STMicroelectronics X-CUBE-SUBG2 4.0.0
2023-11-13 00:56:58,473 [INFO] ThirdParty:1030 - CMSIS Pack Vendor :STMicroelectronics X-CUBE-AZRTOS-WL 1.0.0
2023-11-13 00:56:58,473 [INFO] ThirdParty:1030 - CMSIS Pack Vendor :STMicroelectronics X-CUBE-MEMS1 9.1.0
2023-11-13 00:56:58,473 [INFO] ThirdParty:1030 - CMSIS Pack Vendor :STMicroelectronics X-CUBE-TOF1 1.0.0
2023-11-13 00:56:58,473 [INFO] ThirdParty:1030 - CMSIS Pack Vendor :portGmbH I-Cube-SoM-uGOAL 1.1.0
2023-11-13 00:56:58,473 [INFO] ThirdParty:1030 - CMSIS Pack Vendor :STMicroelectronics X-CUBE-ALS 1.0.1
2023-11-13 00:56:58,473 [INFO] ThirdParty:1030 - CMSIS Pack Vendor :STMicroelectronics X-CUBE-MEMS1 9.5.0
2023-11-13 00:56:58,473 [INFO] ThirdParty:1030 - CMSIS Pack Vendor :STMicroelectronics X-CUBE-AI 7.0.0
2023-11-13 00:56:58,473 [INFO] ThirdParty:1030 - CMSIS Pack Vendor :STMicroelectronics ThreadX 1.0.0
2023-11-13 00:56:58,473 [INFO] ThirdParty:1030 - CMSIS Pack Vendor :STMicroelectronics X-CUBE-AZRTOS-WB 1.1.0
2023-11-13 00:56:58,473 [INFO] ThirdParty:1030 - CMSIS Pack Vendor :SEGGER I-CUBE-embOS 1.3.1
2023-11-13 00:56:58,473 [INFO] ThirdParty:1030 - CMSIS Pack Vendor :STMicroelectronics X-CUBE-MEMS1 8.3.0
2023-11-13 00:56:58,473 [INFO] ThirdParty:1030 - CMSIS Pack Vendor :STMicroelectronics X-CUBE-AZRTOS-L5 1.0.0
2023-11-13 00:56:58,473 [INFO] ThirdParty:1030 - CMSIS Pack Vendor :STMicroelectronics X-CUBE-EEPRMA1 3.1.0
2023-11-13 00:56:58,473 [INFO] ThirdParty:1030 - CMSIS Pack Vendor :STMicroelectronics X-CUBE-EEPRMA1 3.1.1
2023-11-13 00:56:58,473 [INFO] ThirdParty:1030 - CMSIS Pack Vendor :STMicroelectronics X-CUBE-GNSS1 5.2.0
2023-11-13 00:56:58,474 [INFO] ThirdParty:1030 - CMSIS Pack Vendor :STMicroelectronics FP-ATR-ASTRA1 2.0.0
2023-11-13 00:56:58,474 [INFO] ThirdParty:1030 - CMSIS Pack Vendor :STMicroelectronics X-CUBE-DISPLAY 2.0.0
2023-11-13 00:56:58,474 [INFO] ThirdParty:1030 - CMSIS Pack Vendor :STMicroelectronics X-CUBE-DISPLAY 2.0.1
2023-11-13 00:56:58,474 [INFO] ThirdParty:1030 - CMSIS Pack Vendor :STMicroelectronics X-CUBE-TOUCHGFX 4.16.1
2023-11-13 00:56:58,474 [INFO] ThirdParty:1030 - CMSIS Pack Vendor :STMicroelectronics X-CUBE-TOUCHGFX 4.16.0
2023-11-13 00:56:58,474 [INFO] ThirdParty:1030 - CMSIS Pack Vendor :STMicroelectronics X-CUBE-TOF1 3.0.0
2023-11-13 00:56:58,474 [INFO] ThirdParty:1030 - CMSIS Pack Vendor :STMicroelectronics X-CUBE-BLE2 3.1.0
2023-11-13 00:56:58,474 [INFO] ThirdParty:841 - exiting critical section [change project]
2023-11-13 00:56:58,578 [INFO] PinOutPanel:1499 - setPackage(No Configuration,No Configuration)
2023-11-13 00:56:58,579 [INFO] PinOutPanel:1499 - setPackage(STM32F411CEUx,UFQFPN48)
2023-11-13 00:56:58,763 [INFO] UtilMem:75 - Before build in PCC Used Memory: 413842328 Bytes (1073741824)
2023-11-13 00:56:59,026 [INFO] UtilMem:75 - After build in PCC Used Memory: 456018280 Bytes (1073741824)
2023-11-13 00:56:59,048 [INFO] IPUIPlugin:80 - create IPUIPlugin
2023-11-13 00:56:59,049 [INFO] IPUIPlugin:80 - create IPUIPlugin
2023-11-13 00:56:59,049 [INFO] IPUIPlugin:80 - create IPUIPlugin
2023-11-13 00:56:59,049 [INFO] IPUIPlugin:80 - create IPUIPlugin
2023-11-13 00:56:59,049 [INFO] IPUIPlugin:80 - create IPUIPlugin
2023-11-13 00:56:59,049 [INFO] IPUIPlugin:80 - create IPUIPlugin
2023-11-13 00:56:59,049 [INFO] IPUIPlugin:80 - create IPUIPlugin
2023-11-13 00:56:59,049 [INFO] IPUIPlugin:80 - create IPUIPlugin
2023-11-13 00:56:59,050 [INFO] IPUIPlugin:80 - create IPUIPlugin
2023-11-13 00:56:59,050 [INFO] IPUIPlugin:80 - create IPUIPlugin
2023-11-13 00:56:59,050 [INFO] IPUIPlugin:80 - create IPUIPlugin
2023-11-13 00:56:59,050 [INFO] IPUIPlugin:80 - create IPUIPlugin
2023-11-13 00:56:59,050 [INFO] IPUIPlugin:80 - create IPUIPlugin
2023-11-13 00:56:59,050 [INFO] IPUIPlugin:80 - create IPUIPlugin
2023-11-13 00:56:59,050 [INFO] IPUIPlugin:80 - create IPUIPlugin
2023-11-13 00:56:59,051 [INFO] IPUIPlugin:80 - create IPUIPlugin
2023-11-13 00:56:59,051 [INFO] IPUIPlugin:80 - create IPUIPlugin
2023-11-13 00:56:59,051 [INFO] IPUIPlugin:80 - create IPUIPlugin
2023-11-13 00:56:59,051 [INFO] IPUIPlugin:80 - create IPUIPlugin
2023-11-13 00:56:59,052 [INFO] IPUIPlugin:80 - create IPUIPlugin
2023-11-13 00:56:59,052 [INFO] IPUIPlugin:80 - create IPUIPlugin
2023-11-13 00:56:59,052 [INFO] IPUIPlugin:80 - create IPUIPlugin
2023-11-13 00:56:59,053 [INFO] IPUIPlugin:80 - create IPUIPlugin
2023-11-13 00:56:59,053 [INFO] IPUIPlugin:80 - create IPUIPlugin
2023-11-13 00:56:59,053 [INFO] IPUIPlugin:80 - create IPUIPlugin
2023-11-13 00:56:59,053 [INFO] IPUIPlugin:80 - create IPUIPlugin
2023-11-13 00:56:59,054 [INFO] IPUIPlugin:80 - create IPUIPlugin
2023-11-13 00:56:59,054 [INFO] IPUIPlugin:80 - create IPUIPlugin
2023-11-13 00:56:59,054 [INFO] IPUIPlugin:80 - create IPUIPlugin
2023-11-13 00:56:59,055 [INFO] IPUIPlugin:80 - create IPUIPlugin
2023-11-13 00:56:59,055 [INFO] IPUIPlugin:80 - create IPUIPlugin
2023-11-13 00:56:59,055 [INFO] IPUIPlugin:80 - create IPUIPlugin
2023-11-13 00:56:59,056 [INFO] IPUIPlugin:80 - create IPUIPlugin
2023-11-13 00:56:59,056 [INFO] IPUIPlugin:80 - create IPUIPlugin
2023-11-13 00:56:59,056 [INFO] IPUIPlugin:80 - create IPUIPlugin
2023-11-13 00:56:59,056 [INFO] IPUIPlugin:80 - create IPUIPlugin
2023-11-13 00:56:59,057 [INFO] IPUIPlugin:80 - create IPUIPlugin
2023-11-13 00:56:59,057 [INFO] IPUIPlugin:80 - create IPUIPlugin
2023-11-13 00:56:59,058 [INFO] IPUIPlugin:80 - create IPUIPlugin
2023-11-13 00:56:59,058 [INFO] IPUIPlugin:80 - create IPUIPlugin
2023-11-13 00:56:59,059 [INFO] IPUIPlugin:80 - create IPUIPlugin
2023-11-13 00:56:59,059 [INFO] IPUIPlugin:80 - create IPUIPlugin
2023-11-13 00:56:59,060 [INFO] IPUIPlugin:80 - create IPUIPlugin
2023-11-13 00:56:59,063 [INFO] ApiDbMcu:507 - Load IP Config File for PDM2PCM
2023-11-13 00:56:59,096 [INFO] CADModel:165 - CPN selected for project levelSTM32F411CEU6
2023-11-13 00:56:59,096 [INFO] CADModel:114 - Register for checkConnection events
2023-11-13 00:56:59,133 [INFO] OpenFileManager:328 - Restore cursor
2023-11-13 00:58:41,930 [WARN] IP:2114 - I2C_Coeff_DF not found: check if there is a RefParameter without a condition.
2023-11-13 00:58:41,930 [WARN] IP:2114 - Analog_Filter not found: check if there is a RefParameter without a condition.
2023-11-13 00:58:41,942 [WARN] IP:2114 - I2C_Coeff_DF not found: check if there is a RefParameter without a condition.
2023-11-13 00:58:41,942 [WARN] IP:2114 - Analog_Filter not found: check if there is a RefParameter without a condition.
2023-11-13 00:58:41,943 [WARN] IP:2114 - I2C_Coeff_DF not found: check if there is a RefParameter without a condition.
2023-11-13 00:58:41,943 [WARN] IP:2114 - Analog_Filter not found: check if there is a RefParameter without a condition.
2023-11-13 00:58:41,995 [WARN] IP:2114 - I2C_Coeff_DF not found: check if there is a RefParameter without a condition.
2023-11-13 00:58:41,995 [WARN] IP:2114 - Analog_Filter not found: check if there is a RefParameter without a condition.
2023-11-13 00:58:41,996 [WARN] IP:2114 - I2C_Coeff_DF not found: check if there is a RefParameter without a condition.
2023-11-13 00:58:41,997 [WARN] IP:2114 - Analog_Filter not found: check if there is a RefParameter without a condition.
2023-11-13 00:58:50,469 [WARN] IP:2114 - I2C_Coeff_DF not found: check if there is a RefParameter without a condition.
2023-11-13 00:58:50,469 [WARN] IP:2114 - Analog_Filter not found: check if there is a RefParameter without a condition.
2023-11-13 00:58:50,469 [WARN] IP:2114 - I2C_Coeff_DF not found: check if there is a RefParameter without a condition.
2023-11-13 00:58:50,469 [WARN] IP:2114 - Analog_Filter not found: check if there is a RefParameter without a condition.
2023-11-13 00:58:50,522 [WARN] IP:2114 - I2C_Coeff_DF not found: check if there is a RefParameter without a condition.
2023-11-13 00:58:50,522 [WARN] IP:2114 - Analog_Filter not found: check if there is a RefParameter without a condition.
2023-11-13 00:58:50,526 [WARN] IP:2114 - I2C_Coeff_DF not found: check if there is a RefParameter without a condition.
2023-11-13 00:58:50,527 [WARN] IP:2114 - Analog_Filter not found: check if there is a RefParameter without a condition.
2023-11-13 00:59:01,473 [INFO] UtilMem:75 - End SaveConfig() Used Memory: 474621224 Bytes (1073741824)
2023-11-13 00:59:01,541 [INFO] UtilMem:75 - End SaveConfig() Used Memory: 491920680 Bytes (1073741824)
2023-11-13 00:59:02,016 [INFO] UtilMem:75 - End SaveConfig() Used Memory: 527050024 Bytes (1073741824)
2023-11-13 00:59:02,191 [INFO] BlockDiagram:2759 - set Specific Code input for plugin: NVIC
2023-11-13 00:59:02,191 [INFO] BlockDiagram:2759 - set Specific Code input for plugin: SYS
2023-11-13 00:59:02,192 [INFO] BlockDiagram:2759 - set Specific Code input for plugin: GPIO
2023-11-13 00:59:02,192 [INFO] BlockDiagram:2759 - set Specific Code input for plugin: RCC
2023-11-13 00:59:02,192 [INFO] BlockDiagram:2759 - set Specific Code input for plugin: I2C
2023-11-13 00:59:02,193 [INFO] CodeGenerator:799 - code generatio: config db path: C:\ST\STM32CubeIDE_1.13.2\STM32CubeIDE\plugins\com.st.stm32cube.common.mx_6.9.2.202309101412\\db\
2023-11-13 00:59:02,194 [WARN] IP:2114 - I2C_Coeff_DF not found: check if there is a RefParameter without a condition.
2023-11-13 00:59:02,194 [WARN] IP:2114 - Analog_Filter not found: check if there is a RefParameter without a condition.
2023-11-13 00:59:02,302 [INFO] CodeEngine:255 - oldGeneratedFile, C:\NelsonLima\Projetos\lib_24C256.git\trunk\CubeIDE\lib_24C256\MXTmpFiles\license.tmp_save
2023-11-13 00:59:02,384 [INFO] CodeEngine:279 - Generated code: C:\NelsonLima\Projetos\lib_24C256.git\trunk\CubeIDE\lib_24C256\MXTmpFiles\license.tmp
2023-11-13 00:59:02,437 [INFO] CodeEngine:255 - oldGeneratedFile, C:\NelsonLima\Projetos\lib_24C256.git\trunk\CubeIDE\lib_24C256\Core\Src\gpio.c_save
2023-11-13 00:59:02,528 [INFO] CodeEngine:279 - Generated code: C:\NelsonLima\Projetos\lib_24C256.git\trunk\CubeIDE\lib_24C256\Core\Src\gpio.c
2023-11-13 00:59:02,534 [INFO] CodeEngine:255 - oldGeneratedFile, C:\NelsonLima\Projetos\lib_24C256.git\trunk\CubeIDE\lib_24C256\Core\Inc\gpio.h_save
2023-11-13 00:59:02,598 [INFO] CodeEngine:279 - Generated code: C:\NelsonLima\Projetos\lib_24C256.git\trunk\CubeIDE\lib_24C256\Core\Inc\gpio.h
2023-11-13 00:59:02,651 [INFO] CodeEngine:255 - oldGeneratedFile, C:\NelsonLima\Projetos\lib_24C256.git\trunk\CubeIDE\lib_24C256\Core\Src\i2c.c_save
2023-11-13 00:59:02,764 [INFO] CodeEngine:279 - Generated code: C:\NelsonLima\Projetos\lib_24C256.git\trunk\CubeIDE\lib_24C256\Core\Src\i2c.c
2023-11-13 00:59:02,776 [INFO] CodeEngine:255 - oldGeneratedFile, C:\NelsonLima\Projetos\lib_24C256.git\trunk\CubeIDE\lib_24C256\Core\Inc\i2c.h_save
2023-11-13 00:59:02,849 [INFO] CodeEngine:279 - Generated code: C:\NelsonLima\Projetos\lib_24C256.git\trunk\CubeIDE\lib_24C256\Core\Inc\i2c.h
2023-11-13 00:59:02,866 [INFO] CodeEngine:255 - oldGeneratedFile, C:\NelsonLima\Projetos\lib_24C256.git\trunk\CubeIDE\lib_24C256\Core\Src\stm32f4xx_it.c_save
2023-11-13 00:59:02,992 [INFO] CodeEngine:279 - Generated code: C:\NelsonLima\Projetos\lib_24C256.git\trunk\CubeIDE\lib_24C256\Core\Src\stm32f4xx_it.c
2023-11-13 00:59:02,997 [INFO] CodeEngine:255 - oldGeneratedFile, C:\NelsonLima\Projetos\lib_24C256.git\trunk\CubeIDE\lib_24C256\Core\Inc\stm32f4xx_it.h_save
2023-11-13 00:59:03,052 [INFO] CodeEngine:279 - Generated code: C:\NelsonLima\Projetos\lib_24C256.git\trunk\CubeIDE\lib_24C256\Core\Inc\stm32f4xx_it.h
2023-11-13 00:59:03,067 [INFO] CodeEngine:255 - oldGeneratedFile, C:\NelsonLima\Projetos\lib_24C256.git\trunk\CubeIDE\lib_24C256\Core\Src\stm32f4xx_hal_msp.c_save
2023-11-13 00:59:03,141 [INFO] CodeEngine:279 - Generated code: C:\NelsonLima\Projetos\lib_24C256.git\trunk\CubeIDE\lib_24C256\Core\Src\stm32f4xx_hal_msp.c
2023-11-13 00:59:03,143 [INFO] CodeEngine:255 - oldGeneratedFile, C:\NelsonLima\Projetos\lib_24C256.git\trunk\CubeIDE\lib_24C256\MXTmpFiles\system.tmp_save
2023-11-13 00:59:03,187 [INFO] CodeEngine:279 - Generated code: C:\NelsonLima\Projetos\lib_24C256.git\trunk\CubeIDE\lib_24C256\MXTmpFiles\system.tmp
2023-11-13 00:59:03,201 [INFO] CodeEngine:311 - oldGeneratedFile, C:\NelsonLima\Projetos\lib_24C256.git\trunk\CubeIDE\lib_24C256\Core\Inc\stm32f4xx_hal_conf.h_save
2023-11-13 00:59:03,380 [INFO] CodeEngine:335 - Generated code: C:\NelsonLima\Projetos\lib_24C256.git\trunk\CubeIDE\lib_24C256\Core\Inc\stm32f4xx_hal_conf.h
2023-11-13 00:59:03,422 [INFO] CodeEngine:255 - oldGeneratedFile, C:\NelsonLima\Projetos\lib_24C256.git\trunk\CubeIDE\lib_24C256\Core\Inc\main.h_save
2023-11-13 00:59:03,517 [INFO] CodeEngine:279 - Generated code: C:\NelsonLima\Projetos\lib_24C256.git\trunk\CubeIDE\lib_24C256\Core\Inc\main.h
2023-11-13 00:59:03,531 [INFO] CodeEngine:255 - oldGeneratedFile, C:\NelsonLima\Projetos\lib_24C256.git\trunk\CubeIDE\lib_24C256\Core\Src\main.c_save
2023-11-13 00:59:03,619 [INFO] CodeEngine:279 - Generated code: C:\NelsonLima\Projetos\lib_24C256.git\trunk\CubeIDE\lib_24C256\Core\Src\main.c
2023-11-13 00:59:04,152 [INFO] ProjectBuilder:3064 - Time for Copy HAL[1] : 162mS.
2023-11-13 00:59:04,155 [INFO] ProjectBuilder:4404 - Project Generator version: 4.1.0
2023-11-13 00:59:04,301 [INFO] ConfigFileManager:1457 - The Die is : DIE431
2023-11-13 00:59:04,303 [INFO] ApiDbMcu:507 - Load IP Config File for FATFS
2023-11-13 00:59:04,305 [INFO] ApiDbMcu:507 - Load IP Config File for FREERTOS
2023-11-13 00:59:04,306 [INFO] ApiDbMcu:507 - Load IP Config File for LIBJPEG
2023-11-13 00:59:04,310 [INFO] ApiDbMcu:507 - Load IP Config File for MBEDTLS
2023-11-13 00:59:04,314 [INFO] ApiDbMcu:507 - Load IP Config File for USB_DEVICE
2023-11-13 00:59:04,317 [INFO] ApiDbMcu:507 - Load IP Config File for USB_HOST
2023-11-13 00:59:05,948 [INFO] ProjectBuilder:4626 - Time for Generating toolchain IDE Files: 1793mS.
2023-11-13 00:59:05,949 [INFO] ProjectBuilder:2935 - Time for Copy CMSIS : 0mS.
2023-11-13 00:59:05,954 [INFO] ProjectBuilder:2935 - Time for Copy CMSIS : 0mS.
